time make train  nr=10
Training Pipe 1
hadoop fs -rm -r -f /user/sahildeep/1/output/interim
SLF4J: Class path contains multiple SLF4J bindings.
SLF4J: Found binding in [jar:file:/usr/hdp/2.6.1.0-129/hadoop/lib/slf4j-log4j12-1.7.10.jar!/org/slf4j/impl/StaticLoggerBinder.class]
SLF4J: Found binding in [jar:file:/usr/hdp/2.6.1.0-129/hadoop-mapreduce/lib/giraph-examples-1.3.0-SNAPSHOT-for-hadoop-2.7.3-jar-with-dependencies.jar!/org/slf4j/impl/StaticLoggerBinder.class]
SLF4J: See http://www.slf4j.org/codes.html#multiple_bindings for an explanation.
SLF4J: Actual binding is of type [org.slf4j.impl.Log4jLoggerFactory]
18/09/09 07:20:13 INFO fs.TrashPolicyDefault: Moved: 'hdfs://turing.cds.iisc.ac.in:8020/user/sahildeep/1/output/interim' to trash at: hdfs://turing.cds.iisc.ac.in:8020/user/sahildeep/.Trash/Current/user/sahildeep/1/output/interim1536457813337
hadoop jar /usr/hdp/current/hadoop-mapreduce-client/hadoop-streaming.jar  -D mapred.reduce.tasks=10 -file "/home/sahildeep/1/code/mapper.py" -mapper "mapper.py" -file "/home/sahildeep/1/code/reducer.py" -reducer "reducer.py" -input "/user/ds222/assignment-1/DBPedia.full/full_train.txt" -output /user/sahildeep/1/output/interim
SLF4J: Class path contains multiple SLF4J bindings.
SLF4J: Found binding in [jar:file:/usr/hdp/2.6.1.0-129/hadoop/lib/slf4j-log4j12-1.7.10.jar!/org/slf4j/impl/StaticLoggerBinder.class]
SLF4J: Found binding in [jar:file:/usr/hdp/2.6.1.0-129/hadoop-mapreduce/lib/giraph-examples-1.3.0-SNAPSHOT-for-hadoop-2.7.3-jar-with-dependencies.jar!/org/slf4j/impl/StaticLoggerBinder.class]
SLF4J: See http://www.slf4j.org/codes.html#multiple_bindings for an explanation.
SLF4J: Actual binding is of type [org.slf4j.impl.Log4jLoggerFactory]
18/09/09 07:20:14 WARN streaming.StreamJob: -file option is deprecated, please use generic option -files instead.
packageJobJar: [/home/sahildeep/1/code/mapper.py, /home/sahildeep/1/code/reducer.py] [/usr/hdp/2.6.1.0-129/hadoop-mapreduce/hadoop-streaming-2.7.3.2.6.1.0-129.jar] /tmp/streamjob8129464987237002727.jar tmpDir=null
18/09/09 07:20:16 INFO client.RMProxy: Connecting to ResourceManager at turing.cds.iisc.ac.in/10.24.1.32:8050
18/09/09 07:20:16 INFO client.AHSProxy: Connecting to Application History server at turing.cds.iisc.ac.in/10.24.1.32:10200
18/09/09 07:20:16 INFO client.RMProxy: Connecting to ResourceManager at turing.cds.iisc.ac.in/10.24.1.32:8050
18/09/09 07:20:16 INFO client.AHSProxy: Connecting to Application History server at turing.cds.iisc.ac.in/10.24.1.32:10200
18/09/09 07:20:17 INFO mapred.FileInputFormat: Total input paths to process : 1
18/09/09 07:20:17 INFO mapreduce.JobSubmitter: number of splits:2
18/09/09 07:20:17 INFO mapreduce.JobSubmitter: Submitting tokens for job: job_1524406905265_2473
18/09/09 07:20:18 INFO impl.YarnClientImpl: Submitted application application_1524406905265_2473
18/09/09 07:20:18 INFO mapreduce.Job: The url to track the job: http://turing.cds.iisc.ac.in:8088/proxy/application_1524406905265_2473/
18/09/09 07:20:18 INFO mapreduce.Job: Running job: job_1524406905265_2473
18/09/09 07:20:25 INFO mapreduce.Job: Job job_1524406905265_2473 running in uber mode : false
18/09/09 07:20:25 INFO mapreduce.Job:  map 0% reduce 0%
18/09/09 07:20:36 INFO mapreduce.Job:  map 10% reduce 0%
18/09/09 07:20:39 INFO mapreduce.Job:  map 17% reduce 0%
18/09/09 07:20:42 INFO mapreduce.Job:  map 24% reduce 0%
18/09/09 07:20:45 INFO mapreduce.Job:  map 31% reduce 0%
18/09/09 07:20:48 INFO mapreduce.Job:  map 38% reduce 0%
18/09/09 07:20:51 INFO mapreduce.Job:  map 45% reduce 0%
18/09/09 07:20:54 INFO mapreduce.Job:  map 52% reduce 0%
18/09/09 07:20:57 INFO mapreduce.Job:  map 59% reduce 0%
18/09/09 07:21:00 INFO mapreduce.Job:  map 65% reduce 0%
18/09/09 07:21:03 INFO mapreduce.Job:  map 67% reduce 0%
18/09/09 07:21:20 INFO mapreduce.Job:  map 83% reduce 0%
18/09/09 07:21:27 INFO mapreduce.Job:  map 100% reduce 0%
18/09/09 07:21:32 INFO mapreduce.Job:  map 100% reduce 41%
18/09/09 07:21:33 INFO mapreduce.Job:  map 100% reduce 55%
18/09/09 07:21:36 INFO mapreduce.Job:  map 100% reduce 77%
18/09/09 07:21:37 INFO mapreduce.Job:  map 100% reduce 87%
18/09/09 07:21:38 INFO mapreduce.Job:  map 100% reduce 89%
18/09/09 07:21:39 INFO mapreduce.Job:  map 100% reduce 97%
18/09/09 07:21:40 INFO mapreduce.Job:  map 100% reduce 100%
18/09/09 07:21:41 INFO mapreduce.Job: Job job_1524406905265_2473 completed successfully
18/09/09 07:21:41 INFO mapreduce.Job: Counters: 50
	File System Counters
		FILE: Number of bytes read=837628241
		FILE: Number of bytes written=1677058668
		FILE: Number of read operations=0
		FILE: Number of large read operations=0
		FILE: Number of write operations=0
		HDFS: Number of bytes read=131308644
		HDFS: Number of bytes written=42402339
		HDFS: Number of read operations=36
		HDFS: Number of large read operations=0
		HDFS: Number of write operations=20
	Job Counters 
		Launched map tasks=2
		Launched reduce tasks=10
		Data-local map tasks=1
		Rack-local map tasks=1
		Total time spent by all maps in occupied slots (ms)=681348
		Total time spent by all reduces in occupied slots (ms)=1738584
		Total time spent by all map tasks (ms)=113558
		Total time spent by all reduce tasks (ms)=144882
		Total vcore-milliseconds taken by all map tasks=113558
		Total vcore-milliseconds taken by all reduce tasks=144882
		Total megabyte-milliseconds taken by all map tasks=697700352
		Total megabyte-milliseconds taken by all reduce tasks=1780310016
	Map-Reduce Framework
		Map input records=214997
		Map output records=23596529
		Map output bytes=790435123
		Map output materialized bytes=837628301
		Input split bytes=274
		Combine input records=0
		Combine output records=0
		Reduce input groups=1195618
		Reduce shuffle bytes=837628301
		Reduce input records=23596529
		Reduce output records=1195618
		Spilled Records=47193058
		Shuffled Maps =20
		Failed Shuffles=0
		Merged Map outputs=20
		GC time elapsed (ms)=2821
		CPU time spent (ms)=253610
		Physical memory (bytes) snapshot=8195162112
		Virtual memory (bytes) snapshot=138438311936
		Total committed heap usage (bytes)=8215068672
	Shuffle Errors
		BAD_ID=0
		CONNECTION=0
		IO_ERROR=0
		WRONG_LENGTH=0
		WRONG_MAP=0
		WRONG_REDUCE=0
	File Input Format Counters 
		Bytes Read=131308370
	File Output Format Counters 
		Bytes Written=42402339
18/09/09 07:21:41 INFO streaming.StreamJob: Output directory: /user/sahildeep/1/output/interim
Training Pipe 2
hadoop fs -rm -r -f /user/sahildeep/1/output/c_prime
SLF4J: Class path contains multiple SLF4J bindings.
SLF4J: Found binding in [jar:file:/usr/hdp/2.6.1.0-129/hadoop/lib/slf4j-log4j12-1.7.10.jar!/org/slf4j/impl/StaticLoggerBinder.class]
SLF4J: Found binding in [jar:file:/usr/hdp/2.6.1.0-129/hadoop-mapreduce/lib/giraph-examples-1.3.0-SNAPSHOT-for-hadoop-2.7.3-jar-with-dependencies.jar!/org/slf4j/impl/StaticLoggerBinder.class]
SLF4J: See http://www.slf4j.org/codes.html#multiple_bindings for an explanation.
SLF4J: Actual binding is of type [org.slf4j.impl.Log4jLoggerFactory]
18/09/09 07:21:43 INFO fs.TrashPolicyDefault: Moved: 'hdfs://turing.cds.iisc.ac.in:8020/user/sahildeep/1/output/c_prime' to trash at: hdfs://turing.cds.iisc.ac.in:8020/user/sahildeep/.Trash/Current/user/sahildeep/1/output/c_prime1536457903960
hadoop jar /usr/hdp/current/hadoop-mapreduce-client/hadoop-streaming.jar  -D mapred.reduce.tasks=10 -file "/home/sahildeep/1/code/mapper2.py" -mapper "mapper2.py" -file "/home/sahildeep/1/code/reducer2.py" -reducer "reducer2.py" -input /user/sahildeep/1/output/interim/part-* -output /user/sahildeep/1/output/c_prime
SLF4J: Class path contains multiple SLF4J bindings.
SLF4J: Found binding in [jar:file:/usr/hdp/2.6.1.0-129/hadoop/lib/slf4j-log4j12-1.7.10.jar!/org/slf4j/impl/StaticLoggerBinder.class]
SLF4J: Found binding in [jar:file:/usr/hdp/2.6.1.0-129/hadoop-mapreduce/lib/giraph-examples-1.3.0-SNAPSHOT-for-hadoop-2.7.3-jar-with-dependencies.jar!/org/slf4j/impl/StaticLoggerBinder.class]
SLF4J: See http://www.slf4j.org/codes.html#multiple_bindings for an explanation.
SLF4J: Actual binding is of type [org.slf4j.impl.Log4jLoggerFactory]
18/09/09 07:21:45 WARN streaming.StreamJob: -file option is deprecated, please use generic option -files instead.
packageJobJar: [/home/sahildeep/1/code/mapper2.py, /home/sahildeep/1/code/reducer2.py] [/usr/hdp/2.6.1.0-129/hadoop-mapreduce/hadoop-streaming-2.7.3.2.6.1.0-129.jar] /tmp/streamjob3177014049248657198.jar tmpDir=null
18/09/09 07:21:46 INFO client.RMProxy: Connecting to ResourceManager at turing.cds.iisc.ac.in/10.24.1.32:8050
18/09/09 07:21:46 INFO client.AHSProxy: Connecting to Application History server at turing.cds.iisc.ac.in/10.24.1.32:10200
18/09/09 07:21:46 INFO client.RMProxy: Connecting to ResourceManager at turing.cds.iisc.ac.in/10.24.1.32:8050
18/09/09 07:21:46 INFO client.AHSProxy: Connecting to Application History server at turing.cds.iisc.ac.in/10.24.1.32:10200
18/09/09 07:21:47 INFO mapred.FileInputFormat: Total input paths to process : 10
18/09/09 07:21:47 INFO mapreduce.JobSubmitter: number of splits:10
18/09/09 07:21:47 INFO mapreduce.JobSubmitter: Submitting tokens for job: job_1524406905265_2474
18/09/09 07:21:48 INFO impl.YarnClientImpl: Submitted application application_1524406905265_2474
18/09/09 07:21:48 INFO mapreduce.Job: The url to track the job: http://turing.cds.iisc.ac.in:8088/proxy/application_1524406905265_2474/
18/09/09 07:21:48 INFO mapreduce.Job: Running job: job_1524406905265_2474
18/09/09 07:21:55 INFO mapreduce.Job: Job job_1524406905265_2474 running in uber mode : false
18/09/09 07:21:55 INFO mapreduce.Job:  map 0% reduce 0%
18/09/09 07:22:04 INFO mapreduce.Job:  map 30% reduce 0%
18/09/09 07:22:05 INFO mapreduce.Job:  map 60% reduce 0%
18/09/09 07:22:06 INFO mapreduce.Job:  map 100% reduce 0%
18/09/09 07:22:10 INFO mapreduce.Job:  map 100% reduce 10%
18/09/09 07:22:11 INFO mapreduce.Job:  map 100% reduce 80%
18/09/09 07:22:12 INFO mapreduce.Job:  map 100% reduce 100%
18/09/09 07:22:13 INFO mapreduce.Job: Job job_1524406905265_2474 completed successfully
18/09/09 07:22:13 INFO mapreduce.Job: Counters: 50
	File System Counters
		FILE: Number of bytes read=44790206
		FILE: Number of bytes written=92586262
		FILE: Number of read operations=0
		FILE: Number of large read operations=0
		FILE: Number of write operations=0
		HDFS: Number of bytes read=42403619
		HDFS: Number of bytes written=36031368
		HDFS: Number of read operations=60
		HDFS: Number of large read operations=0
		HDFS: Number of write operations=20
	Job Counters 
		Launched map tasks=10
		Launched reduce tasks=10
		Data-local map tasks=8
		Rack-local map tasks=2
		Total time spent by all maps in occupied slots (ms)=416706
		Total time spent by all reduces in occupied slots (ms)=584136
		Total time spent by all map tasks (ms)=69451
		Total time spent by all reduce tasks (ms)=48678
		Total vcore-milliseconds taken by all map tasks=69451
		Total vcore-milliseconds taken by all reduce tasks=48678
		Total megabyte-milliseconds taken by all map tasks=426706944
		Total megabyte-milliseconds taken by all reduce tasks=598155264
	Map-Reduce Framework
		Map input records=1195618
		Map output records=1195517
		Map output bytes=42399112
		Map output materialized bytes=44790746
		Input split bytes=1280
		Combine input records=0
		Combine output records=0
		Reduce input groups=301404
		Reduce shuffle bytes=44790746
		Reduce input records=1195517
		Reduce output records=301404
		Spilled Records=2391034
		Shuffled Maps =100
		Failed Shuffles=0
		Merged Map outputs=100
		GC time elapsed (ms)=1663
		CPU time spent (ms)=73310
		Physical memory (bytes) snapshot=26168135680
		Virtual memory (bytes) snapshot=194916380672
		Total committed heap usage (bytes)=25523388416
	Shuffle Errors
		BAD_ID=0
		CONNECTION=0
		IO_ERROR=0
		WRONG_LENGTH=0
		WRONG_MAP=0
		WRONG_REDUCE=0
	File Input Format Counters 
		Bytes Read=42402339
	File Output Format Counters 
		Bytes Written=36031368
18/09/09 07:22:13 INFO streaming.StreamJob: Output directory: /user/sahildeep/1/output/c_prime
Training Pipe 3
hadoop fs -rm -r -f /user/sahildeep/1/output/classifier_params
SLF4J: Class path contains multiple SLF4J bindings.
SLF4J: Found binding in [jar:file:/usr/hdp/2.6.1.0-129/hadoop/lib/slf4j-log4j12-1.7.10.jar!/org/slf4j/impl/StaticLoggerBinder.class]
SLF4J: Found binding in [jar:file:/usr/hdp/2.6.1.0-129/hadoop-mapreduce/lib/giraph-examples-1.3.0-SNAPSHOT-for-hadoop-2.7.3-jar-with-dependencies.jar!/org/slf4j/impl/StaticLoggerBinder.class]
SLF4J: See http://www.slf4j.org/codes.html#multiple_bindings for an explanation.
SLF4J: Actual binding is of type [org.slf4j.impl.Log4jLoggerFactory]
18/09/09 07:22:16 INFO fs.TrashPolicyDefault: Moved: 'hdfs://turing.cds.iisc.ac.in:8020/user/sahildeep/1/output/classifier_params' to trash at: hdfs://turing.cds.iisc.ac.in:8020/user/sahildeep/.Trash/Current/user/sahildeep/1/output/classifier_params1536457936677
hadoop jar /usr/hdp/current/hadoop-mapreduce-client/hadoop-streaming.jar  -D mapred.reduce.tasks=0 -file "/home/sahildeep/1/code/mapper3.py" -mapper "mapper3.py" -input /user/sahildeep/1/output/interim/part-* -output /user/sahildeep/1/output/classifier_params 
SLF4J: Class path contains multiple SLF4J bindings.
SLF4J: Found binding in [jar:file:/usr/hdp/2.6.1.0-129/hadoop/lib/slf4j-log4j12-1.7.10.jar!/org/slf4j/impl/StaticLoggerBinder.class]
SLF4J: Found binding in [jar:file:/usr/hdp/2.6.1.0-129/hadoop-mapreduce/lib/giraph-examples-1.3.0-SNAPSHOT-for-hadoop-2.7.3-jar-with-dependencies.jar!/org/slf4j/impl/StaticLoggerBinder.class]
SLF4J: See http://www.slf4j.org/codes.html#multiple_bindings for an explanation.
SLF4J: Actual binding is of type [org.slf4j.impl.Log4jLoggerFactory]
18/09/09 07:22:17 WARN streaming.StreamJob: -file option is deprecated, please use generic option -files instead.
packageJobJar: [/home/sahildeep/1/code/mapper3.py] [/usr/hdp/2.6.1.0-129/hadoop-mapreduce/hadoop-streaming-2.7.3.2.6.1.0-129.jar] /tmp/streamjob5656914771472513499.jar tmpDir=null
18/09/09 07:22:19 INFO client.RMProxy: Connecting to ResourceManager at turing.cds.iisc.ac.in/10.24.1.32:8050
18/09/09 07:22:19 INFO client.AHSProxy: Connecting to Application History server at turing.cds.iisc.ac.in/10.24.1.32:10200
18/09/09 07:22:19 INFO client.RMProxy: Connecting to ResourceManager at turing.cds.iisc.ac.in/10.24.1.32:8050
18/09/09 07:22:19 INFO client.AHSProxy: Connecting to Application History server at turing.cds.iisc.ac.in/10.24.1.32:10200
18/09/09 07:22:20 INFO mapred.FileInputFormat: Total input paths to process : 10
18/09/09 07:22:20 INFO mapreduce.JobSubmitter: number of splits:10
18/09/09 07:22:20 INFO mapreduce.JobSubmitter: Submitting tokens for job: job_1524406905265_2475
18/09/09 07:22:20 INFO impl.YarnClientImpl: Submitted application application_1524406905265_2475
18/09/09 07:22:20 INFO mapreduce.Job: The url to track the job: http://turing.cds.iisc.ac.in:8088/proxy/application_1524406905265_2475/
18/09/09 07:22:20 INFO mapreduce.Job: Running job: job_1524406905265_2475
18/09/09 07:22:27 INFO mapreduce.Job: Job job_1524406905265_2475 running in uber mode : false
18/09/09 07:22:27 INFO mapreduce.Job:  map 0% reduce 0%
18/09/09 07:22:35 INFO mapreduce.Job:  map 30% reduce 0%
18/09/09 07:22:36 INFO mapreduce.Job:  map 70% reduce 0%
18/09/09 07:22:37 INFO mapreduce.Job:  map 100% reduce 0%
18/09/09 07:22:38 INFO mapreduce.Job: Job job_1524406905265_2475 completed successfully
18/09/09 07:22:38 INFO mapreduce.Job: Counters: 31
	File System Counters
		FILE: Number of bytes read=0
		FILE: Number of bytes written=1495590
		FILE: Number of read operations=0
		FILE: Number of large read operations=0
		FILE: Number of write operations=0
		HDFS: Number of bytes read=42403619
		HDFS: Number of bytes written=3227
		HDFS: Number of read operations=50
		HDFS: Number of large read operations=0
		HDFS: Number of write operations=20
	Job Counters 
		Launched map tasks=10
		Data-local map tasks=7
		Rack-local map tasks=3
		Total time spent by all maps in occupied slots (ms)=335862
		Total time spent by all reduces in occupied slots (ms)=0
		Total time spent by all map tasks (ms)=55977
		Total vcore-milliseconds taken by all map tasks=55977
		Total megabyte-milliseconds taken by all map tasks=343922688
	Map-Reduce Framework
		Map input records=1195618
		Map output records=101
		Input split bytes=1280
		Spilled Records=0
		Failed Shuffles=0
		Merged Map outputs=0
		GC time elapsed (ms)=975
		CPU time spent (ms)=16560
		Physical memory (bytes) snapshot=2197524480
		Virtual memory (bytes) snapshot=70608777216
		Total committed heap usage (bytes)=1859649536
	File Input Format Counters 
		Bytes Read=42402339
	File Output Format Counters 
		Bytes Written=3227
18/09/09 07:22:38 INFO streaming.StreamJob: Output directory: /user/sahildeep/1/output/classifier_params
Training Pipe 4
hadoop fs -rm -r -f /user/sahildeep/1/output/vocabulary_count
SLF4J: Class path contains multiple SLF4J bindings.
SLF4J: Found binding in [jar:file:/usr/hdp/2.6.1.0-129/hadoop/lib/slf4j-log4j12-1.7.10.jar!/org/slf4j/impl/StaticLoggerBinder.class]
SLF4J: Found binding in [jar:file:/usr/hdp/2.6.1.0-129/hadoop-mapreduce/lib/giraph-examples-1.3.0-SNAPSHOT-for-hadoop-2.7.3-jar-with-dependencies.jar!/org/slf4j/impl/StaticLoggerBinder.class]
SLF4J: See http://www.slf4j.org/codes.html#multiple_bindings for an explanation.
SLF4J: Actual binding is of type [org.slf4j.impl.Log4jLoggerFactory]
18/09/09 07:22:41 INFO fs.TrashPolicyDefault: Moved: 'hdfs://turing.cds.iisc.ac.in:8020/user/sahildeep/1/output/vocabulary_count' to trash at: hdfs://turing.cds.iisc.ac.in:8020/user/sahildeep/.Trash/Current/user/sahildeep/1/output/vocabulary_count1536457961035
hadoop jar /usr/hdp/current/hadoop-mapreduce-client/hadoop-streaming.jar  -D mapred.reduce.tasks=1 -input /user/sahildeep/1/output/c_prime/part-* -output /user/sahildeep/1/output/vocabulary_count -mapper "cut -f1" -file "/home/sahildeep/1/code/reducer4.py" -reducer "reducer4.py" 
SLF4J: Class path contains multiple SLF4J bindings.
SLF4J: Found binding in [jar:file:/usr/hdp/2.6.1.0-129/hadoop/lib/slf4j-log4j12-1.7.10.jar!/org/slf4j/impl/StaticLoggerBinder.class]
SLF4J: Found binding in [jar:file:/usr/hdp/2.6.1.0-129/hadoop-mapreduce/lib/giraph-examples-1.3.0-SNAPSHOT-for-hadoop-2.7.3-jar-with-dependencies.jar!/org/slf4j/impl/StaticLoggerBinder.class]
SLF4J: See http://www.slf4j.org/codes.html#multiple_bindings for an explanation.
SLF4J: Actual binding is of type [org.slf4j.impl.Log4jLoggerFactory]
18/09/09 07:22:42 WARN streaming.StreamJob: -file option is deprecated, please use generic option -files instead.
packageJobJar: [/home/sahildeep/1/code/reducer4.py] [/usr/hdp/2.6.1.0-129/hadoop-mapreduce/hadoop-streaming-2.7.3.2.6.1.0-129.jar] /tmp/streamjob4330914870313144863.jar tmpDir=null
18/09/09 07:22:43 INFO client.RMProxy: Connecting to ResourceManager at turing.cds.iisc.ac.in/10.24.1.32:8050
18/09/09 07:22:43 INFO client.AHSProxy: Connecting to Application History server at turing.cds.iisc.ac.in/10.24.1.32:10200
18/09/09 07:22:43 INFO client.RMProxy: Connecting to ResourceManager at turing.cds.iisc.ac.in/10.24.1.32:8050
18/09/09 07:22:43 INFO client.AHSProxy: Connecting to Application History server at turing.cds.iisc.ac.in/10.24.1.32:10200
18/09/09 07:22:44 INFO mapred.FileInputFormat: Total input paths to process : 10
18/09/09 07:22:45 INFO mapreduce.JobSubmitter: number of splits:10
18/09/09 07:22:45 INFO mapreduce.JobSubmitter: Submitting tokens for job: job_1524406905265_2476
18/09/09 07:22:45 INFO impl.YarnClientImpl: Submitted application application_1524406905265_2476
18/09/09 07:22:45 INFO mapreduce.Job: The url to track the job: http://turing.cds.iisc.ac.in:8088/proxy/application_1524406905265_2476/
18/09/09 07:22:45 INFO mapreduce.Job: Running job: job_1524406905265_2476
18/09/09 07:22:52 INFO mapreduce.Job: Job job_1524406905265_2476 running in uber mode : false
18/09/09 07:22:52 INFO mapreduce.Job:  map 0% reduce 0%
18/09/09 07:23:00 INFO mapreduce.Job:  map 50% reduce 0%
18/09/09 07:23:01 INFO mapreduce.Job:  map 70% reduce 0%
18/09/09 07:23:02 INFO mapreduce.Job:  map 100% reduce 0%
18/09/09 07:23:08 INFO mapreduce.Job:  map 100% reduce 100%
18/09/09 07:23:09 INFO mapreduce.Job: Job job_1524406905265_2476 completed successfully
18/09/09 07:23:09 INFO mapreduce.Job: Counters: 50
	File System Counters
		FILE: Number of bytes read=3440327
		FILE: Number of bytes written=8529619
		FILE: Number of read operations=0
		FILE: Number of large read operations=0
		FILE: Number of write operations=0
		HDFS: Number of bytes read=36032648
		HDFS: Number of bytes written=29
		HDFS: Number of read operations=33
		HDFS: Number of large read operations=0
		HDFS: Number of write operations=2
	Job Counters 
		Launched map tasks=10
		Launched reduce tasks=1
		Data-local map tasks=9
		Rack-local map tasks=1
		Total time spent by all maps in occupied slots (ms)=359160
		Total time spent by all reduces in occupied slots (ms)=65868
		Total time spent by all map tasks (ms)=59860
		Total time spent by all reduce tasks (ms)=5489
		Total vcore-milliseconds taken by all map tasks=59860
		Total vcore-milliseconds taken by all reduce tasks=5489
		Total megabyte-milliseconds taken by all map tasks=367779840
		Total megabyte-milliseconds taken by all reduce tasks=67448832
	Map-Reduce Framework
		Map input records=301404
		Map output records=301404
		Map output bytes=2837513
		Map output materialized bytes=3440381
		Input split bytes=1280
		Combine input records=0
		Combine output records=0
		Reduce input groups=301404
		Reduce shuffle bytes=3440381
		Reduce input records=301404
		Reduce output records=1
		Spilled Records=602808
		Shuffled Maps =10
		Failed Shuffles=0
		Merged Map outputs=10
		GC time elapsed (ms)=994
		CPU time spent (ms)=33400
		Physical memory (bytes) snapshot=23970410496
		Virtual memory (bytes) snapshot=83006898176
		Total committed heap usage (bytes)=23546298368
	Shuffle Errors
		BAD_ID=0
		CONNECTION=0
		IO_ERROR=0
		WRONG_LENGTH=0
		WRONG_MAP=0
		WRONG_REDUCE=0
	File Input Format Counters 
		Bytes Read=36031368
	File Output Format Counters 
		Bytes Written=29
18/09/09 07:23:09 INFO streaming.StreamJob: Output directory: /user/sahildeep/1/output/vocabulary_count
Creating classifier params
rm -f /home/sahildeep/1/output/params.txt
hadoop fs -cat /user/sahildeep/1/output/classifier_params/part-* /user/sahildeep/1/output/vocabulary_count/part-* > /home/sahildeep/1/output/params.txt
SLF4J: Class path contains multiple SLF4J bindings.
SLF4J: Found binding in [jar:file:/usr/hdp/2.6.1.0-129/hadoop/lib/slf4j-log4j12-1.7.10.jar!/org/slf4j/impl/StaticLoggerBinder.class]
SLF4J: Found binding in [jar:file:/usr/hdp/2.6.1.0-129/hadoop-mapreduce/lib/giraph-examples-1.3.0-SNAPSHOT-for-hadoop-2.7.3-jar-with-dependencies.jar!/org/slf4j/impl/StaticLoggerBinder.class]
SLF4J: See http://www.slf4j.org/codes.html#multiple_bindings for an explanation.
SLF4J: Actual binding is of type [org.slf4j.impl.Log4jLoggerFactory]

real	3m1.233s
user	1m2.148s
sys	0m7.344s
 

