sahildeep@turing:~$ cd 1/code
sahildeep@turing:~/1/code$ time make train  nr=5
Training Pipe 1
hadoop fs -rm -r -f /user/sahildeep/1/output/interim
SLF4J: Class path contains multiple SLF4J bindings.
SLF4J: Found binding in [jar:file:/usr/hdp/2.6.1.0-129/hadoop/lib/slf4j-log4j12-1.7.10.jar!/org/slf4j/impl/StaticLoggerBinder.class]
SLF4J: Found binding in [jar:file:/usr/hdp/2.6.1.0-129/hadoop-mapreduce/lib/giraph-examples-1.3.0-SNAPSHOT-for-hadoop-2.7.3-jar-with-dependencies.jar!/org/slf4j/impl/StaticLoggerBinder.class]
SLF4J: See http://www.slf4j.org/codes.html#multiple_bindings for an explanation.
SLF4J: Actual binding is of type [org.slf4j.impl.Log4jLoggerFactory]
18/09/09 07:08:32 INFO fs.TrashPolicyDefault: Moved: 'hdfs://turing.cds.iisc.ac.in:8020/user/sahildeep/1/output/interim' to trash at: hdfs://turing.cds.iisc.ac.in:8020/user/sahildeep/.Trash/Current/user/sahildeep/1/output/interim
hadoop jar /usr/hdp/current/hadoop-mapreduce-client/hadoop-streaming.jar  -D mapred.reduce.tasks=5 -file "/home/sahildeep/1/code/mapper.py" -mapper "mapper.py" -file "/home/sahildeep/1/code/reducer.py" -reducer "reducer.py" -input "/user/ds222/assignment-1/DBPedia.full/full_train.txt" -output /user/sahildeep/1/output/interim
SLF4J: Class path contains multiple SLF4J bindings.
SLF4J: Found binding in [jar:file:/usr/hdp/2.6.1.0-129/hadoop/lib/slf4j-log4j12-1.7.10.jar!/org/slf4j/impl/StaticLoggerBinder.class]
SLF4J: Found binding in [jar:file:/usr/hdp/2.6.1.0-129/hadoop-mapreduce/lib/giraph-examples-1.3.0-SNAPSHOT-for-hadoop-2.7.3-jar-with-dependencies.jar!/org/slf4j/impl/StaticLoggerBinder.class]
SLF4J: See http://www.slf4j.org/codes.html#multiple_bindings for an explanation.
SLF4J: Actual binding is of type [org.slf4j.impl.Log4jLoggerFactory]
18/09/09 07:08:33 WARN streaming.StreamJob: -file option is deprecated, please use generic option -files instead.
packageJobJar: [/home/sahildeep/1/code/mapper.py, /home/sahildeep/1/code/reducer.py] [/usr/hdp/2.6.1.0-129/hadoop-mapreduce/hadoop-streaming-2.7.3.2.6.1.0-129.jar] /tmp/streamjob8248615399947477826.jar tmpDir=null
18/09/09 07:08:35 INFO client.RMProxy: Connecting to ResourceManager at turing.cds.iisc.ac.in/10.24.1.32:8050
18/09/09 07:08:35 INFO client.AHSProxy: Connecting to Application History server at turing.cds.iisc.ac.in/10.24.1.32:10200
18/09/09 07:08:35 INFO client.RMProxy: Connecting to ResourceManager at turing.cds.iisc.ac.in/10.24.1.32:8050
18/09/09 07:08:35 INFO client.AHSProxy: Connecting to Application History server at turing.cds.iisc.ac.in/10.24.1.32:10200
18/09/09 07:08:36 INFO mapred.FileInputFormat: Total input paths to process : 1
18/09/09 07:08:36 INFO mapreduce.JobSubmitter: number of splits:2
18/09/09 07:08:36 INFO mapreduce.JobSubmitter: Submitting tokens for job: job_1524406905265_2465
18/09/09 07:08:37 INFO impl.YarnClientImpl: Submitted application application_1524406905265_2465
18/09/09 07:08:37 INFO mapreduce.Job: The url to track the job: http://turing.cds.iisc.ac.in:8088/proxy/application_1524406905265_2465/
18/09/09 07:08:37 INFO mapreduce.Job: Running job: job_1524406905265_2465
18/09/09 07:08:44 INFO mapreduce.Job: Job job_1524406905265_2465 running in uber mode : false
18/09/09 07:08:44 INFO mapreduce.Job:  map 0% reduce 0%
18/09/09 07:08:55 INFO mapreduce.Job:  map 5% reduce 0%
18/09/09 07:08:56 INFO mapreduce.Job:  map 9% reduce 0%
18/09/09 07:08:58 INFO mapreduce.Job:  map 12% reduce 0%
18/09/09 07:08:59 INFO mapreduce.Job:  map 15% reduce 0%
18/09/09 07:09:01 INFO mapreduce.Job:  map 19% reduce 0%
18/09/09 07:09:02 INFO mapreduce.Job:  map 22% reduce 0%
18/09/09 07:09:04 INFO mapreduce.Job:  map 26% reduce 0%
18/09/09 07:09:05 INFO mapreduce.Job:  map 29% reduce 0%
18/09/09 07:09:07 INFO mapreduce.Job:  map 32% reduce 0%
18/09/09 07:09:08 INFO mapreduce.Job:  map 35% reduce 0%
18/09/09 07:09:10 INFO mapreduce.Job:  map 39% reduce 0%
18/09/09 07:09:11 INFO mapreduce.Job:  map 42% reduce 0%
18/09/09 07:09:13 INFO mapreduce.Job:  map 45% reduce 0%
18/09/09 07:09:14 INFO mapreduce.Job:  map 49% reduce 0%
18/09/09 07:09:16 INFO mapreduce.Job:  map 52% reduce 0%
18/09/09 07:09:17 INFO mapreduce.Job:  map 55% reduce 0%
18/09/09 07:09:19 INFO mapreduce.Job:  map 58% reduce 0%
18/09/09 07:09:21 INFO mapreduce.Job:  map 61% reduce 0%
18/09/09 07:09:24 INFO mapreduce.Job:  map 65% reduce 0%
18/09/09 07:09:27 INFO mapreduce.Job:  map 67% reduce 0%
18/09/09 07:09:40 INFO mapreduce.Job:  map 83% reduce 0%
18/09/09 07:09:50 INFO mapreduce.Job:  map 100% reduce 0%
18/09/09 07:09:52 INFO mapreduce.Job:  map 100% reduce 17%
18/09/09 07:09:55 INFO mapreduce.Job:  map 100% reduce 49%
18/09/09 07:09:56 INFO mapreduce.Job:  map 100% reduce 57%
18/09/09 07:09:58 INFO mapreduce.Job:  map 100% reduce 70%
18/09/09 07:09:59 INFO mapreduce.Job:  map 100% reduce 74%
18/09/09 07:10:01 INFO mapreduce.Job:  map 100% reduce 83%
18/09/09 07:10:02 INFO mapreduce.Job:  map 100% reduce 86%
18/09/09 07:10:04 INFO mapreduce.Job:  map 100% reduce 94%
18/09/09 07:10:05 INFO mapreduce.Job:  map 100% reduce 98%
18/09/09 07:10:06 INFO mapreduce.Job:  map 100% reduce 100%
18/09/09 07:10:07 INFO mapreduce.Job: Job job_1524406905265_2465 completed successfully
18/09/09 07:10:08 INFO mapreduce.Job: Counters: 49
	File System Counters
		FILE: Number of bytes read=837628211
		FILE: Number of bytes written=1676307671
		FILE: Number of read operations=0
		FILE: Number of large read operations=0
		FILE: Number of write operations=0
		HDFS: Number of bytes read=131308644
		HDFS: Number of bytes written=42402339
		HDFS: Number of read operations=21
		HDFS: Number of large read operations=0
		HDFS: Number of write operations=10
	Job Counters 
		Launched map tasks=2
		Launched reduce tasks=5
		Rack-local map tasks=2
		Total time spent by all maps in occupied slots (ms)=712326
		Total time spent by all reduces in occupied slots (ms)=1372080
		Total time spent by all map tasks (ms)=118721
		Total time spent by all reduce tasks (ms)=114340
		Total vcore-milliseconds taken by all map tasks=118721
		Total vcore-milliseconds taken by all reduce tasks=114340
		Total megabyte-milliseconds taken by all map tasks=729421824
		Total megabyte-milliseconds taken by all reduce tasks=1405009920
	Map-Reduce Framework
		Map input records=214997
		Map output records=23596529
		Map output bytes=790435123
		Map output materialized bytes=837628241
		Input split bytes=274
		Combine input records=0
		Combine output records=0
		Reduce input groups=1195618
		Reduce shuffle bytes=837628241
		Reduce input records=23596529
		Reduce output records=1195618
		Spilled Records=47193058
		Shuffled Maps =10
		Failed Shuffles=0
		Merged Map outputs=10
		GC time elapsed (ms)=1677
		CPU time spent (ms)=244260
		Physical memory (bytes) snapshot=7917568000
		Virtual memory (bytes) snapshot=76297662464
		Total committed heap usage (bytes)=7718043648
	Shuffle Errors
		BAD_ID=0
		CONNECTION=0
		IO_ERROR=0
		WRONG_LENGTH=0
		WRONG_MAP=0
		WRONG_REDUCE=0
	File Input Format Counters 
		Bytes Read=131308370
	File Output Format Counters 
		Bytes Written=42402339
18/09/09 07:10:08 INFO streaming.StreamJob: Output directory: /user/sahildeep/1/output/interim
Training Pipe 2
hadoop fs -rm -r -f /user/sahildeep/1/output/c_prime
SLF4J: Class path contains multiple SLF4J bindings.
SLF4J: Found binding in [jar:file:/usr/hdp/2.6.1.0-129/hadoop/lib/slf4j-log4j12-1.7.10.jar!/org/slf4j/impl/StaticLoggerBinder.class]
SLF4J: Found binding in [jar:file:/usr/hdp/2.6.1.0-129/hadoop-mapreduce/lib/giraph-examples-1.3.0-SNAPSHOT-for-hadoop-2.7.3-jar-with-dependencies.jar!/org/slf4j/impl/StaticLoggerBinder.class]
SLF4J: See http://www.slf4j.org/codes.html#multiple_bindings for an explanation.
SLF4J: Actual binding is of type [org.slf4j.impl.Log4jLoggerFactory]
18/09/09 07:10:10 INFO fs.TrashPolicyDefault: Moved: 'hdfs://turing.cds.iisc.ac.in:8020/user/sahildeep/1/output/c_prime' to trash at: hdfs://turing.cds.iisc.ac.in:8020/user/sahildeep/.Trash/Current/user/sahildeep/1/output/c_prime
hadoop jar /usr/hdp/current/hadoop-mapreduce-client/hadoop-streaming.jar  -D mapred.reduce.tasks=5 -file "/home/sahildeep/1/code/mapper2.py" -mapper "mapper2.py" -file "/home/sahildeep/1/code/reducer2.py" -reducer "reducer2.py" -input /user/sahildeep/1/output/interim/part-* -output /user/sahildeep/1/output/c_prime
SLF4J: Class path contains multiple SLF4J bindings.
SLF4J: Found binding in [jar:file:/usr/hdp/2.6.1.0-129/hadoop/lib/slf4j-log4j12-1.7.10.jar!/org/slf4j/impl/StaticLoggerBinder.class]
SLF4J: Found binding in [jar:file:/usr/hdp/2.6.1.0-129/hadoop-mapreduce/lib/giraph-examples-1.3.0-SNAPSHOT-for-hadoop-2.7.3-jar-with-dependencies.jar!/org/slf4j/impl/StaticLoggerBinder.class]
SLF4J: See http://www.slf4j.org/codes.html#multiple_bindings for an explanation.
SLF4J: Actual binding is of type [org.slf4j.impl.Log4jLoggerFactory]
18/09/09 07:10:11 WARN streaming.StreamJob: -file option is deprecated, please use generic option -files instead.
packageJobJar: [/home/sahildeep/1/code/mapper2.py, /home/sahildeep/1/code/reducer2.py] [/usr/hdp/2.6.1.0-129/hadoop-mapreduce/hadoop-streaming-2.7.3.2.6.1.0-129.jar] /tmp/streamjob7601572642180545956.jar tmpDir=null
18/09/09 07:10:12 INFO client.RMProxy: Connecting to ResourceManager at turing.cds.iisc.ac.in/10.24.1.32:8050
18/09/09 07:10:12 INFO client.AHSProxy: Connecting to Application History server at turing.cds.iisc.ac.in/10.24.1.32:10200
18/09/09 07:10:12 INFO client.RMProxy: Connecting to ResourceManager at turing.cds.iisc.ac.in/10.24.1.32:8050
18/09/09 07:10:12 INFO client.AHSProxy: Connecting to Application History server at turing.cds.iisc.ac.in/10.24.1.32:10200
18/09/09 07:10:13 INFO mapred.FileInputFormat: Total input paths to process : 5
18/09/09 07:10:13 INFO mapreduce.JobSubmitter: number of splits:5
18/09/09 07:10:13 INFO mapreduce.JobSubmitter: Submitting tokens for job: job_1524406905265_2466
18/09/09 07:10:14 INFO impl.YarnClientImpl: Submitted application application_1524406905265_2466
18/09/09 07:10:14 INFO mapreduce.Job: The url to track the job: http://turing.cds.iisc.ac.in:8088/proxy/application_1524406905265_2466/
18/09/09 07:10:14 INFO mapreduce.Job: Running job: job_1524406905265_2466
18/09/09 07:10:22 INFO mapreduce.Job: Job job_1524406905265_2466 running in uber mode : false
18/09/09 07:10:22 INFO mapreduce.Job:  map 0% reduce 0%
18/09/09 07:10:31 INFO mapreduce.Job:  map 100% reduce 0%
18/09/09 07:10:39 INFO mapreduce.Job:  map 100% reduce 20%
18/09/09 07:10:40 INFO mapreduce.Job:  map 100% reduce 80%
18/09/09 07:10:41 INFO mapreduce.Job:  map 100% reduce 100%
18/09/09 07:10:42 INFO mapreduce.Job: Job job_1524406905265_2466 completed successfully
18/09/09 07:10:43 INFO mapreduce.Job: Counters: 50
	File System Counters
		FILE: Number of bytes read=44790176
		FILE: Number of bytes written=91082497
		FILE: Number of read operations=0
		FILE: Number of large read operations=0
		FILE: Number of write operations=0
		HDFS: Number of bytes read=42402979
		HDFS: Number of bytes written=36031368
		HDFS: Number of read operations=30
		HDFS: Number of large read operations=0
		HDFS: Number of write operations=10
	Job Counters 
		Launched map tasks=5
		Launched reduce tasks=5
		Data-local map tasks=2
		Rack-local map tasks=3
		Total time spent by all maps in occupied slots (ms)=203964
		Total time spent by all reduces in occupied slots (ms)=396804
		Total time spent by all map tasks (ms)=33994
		Total time spent by all reduce tasks (ms)=33067
		Total vcore-milliseconds taken by all map tasks=33994
		Total vcore-milliseconds taken by all reduce tasks=33067
		Total megabyte-milliseconds taken by all map tasks=208859136
		Total megabyte-milliseconds taken by all reduce tasks=406327296
	Map-Reduce Framework
		Map input records=1195618
		Map output records=1195517
		Map output bytes=42399112
		Map output materialized bytes=44790296
		Input split bytes=640
		Combine input records=0
		Combine output records=0
		Reduce input groups=301404
		Reduce shuffle bytes=44790296
		Reduce input records=1195517
		Reduce output records=301404
		Spilled Records=2391034
		Shuffled Maps =25
		Failed Shuffles=0
		Merged Map outputs=25
		GC time elapsed (ms)=872
		CPU time spent (ms)=40980
		Physical memory (bytes) snapshot=13068750848
		Virtual memory (bytes) snapshot=97455099904
		Total committed heap usage (bytes)=12821987328
	Shuffle Errors
		BAD_ID=0
		CONNECTION=0
		IO_ERROR=0
		WRONG_LENGTH=0
		WRONG_MAP=0
		WRONG_REDUCE=0
	File Input Format Counters 
		Bytes Read=42402339
	File Output Format Counters 
		Bytes Written=36031368
18/09/09 07:10:43 INFO streaming.StreamJob: Output directory: /user/sahildeep/1/output/c_prime
Training Pipe 3
hadoop fs -rm -r -f /user/sahildeep/1/output/classifier_params
SLF4J: Class path contains multiple SLF4J bindings.
SLF4J: Found binding in [jar:file:/usr/hdp/2.6.1.0-129/hadoop/lib/slf4j-log4j12-1.7.10.jar!/org/slf4j/impl/StaticLoggerBinder.class]
SLF4J: Found binding in [jar:file:/usr/hdp/2.6.1.0-129/hadoop-mapreduce/lib/giraph-examples-1.3.0-SNAPSHOT-for-hadoop-2.7.3-jar-with-dependencies.jar!/org/slf4j/impl/StaticLoggerBinder.class]
SLF4J: See http://www.slf4j.org/codes.html#multiple_bindings for an explanation.
SLF4J: Actual binding is of type [org.slf4j.impl.Log4jLoggerFactory]
18/09/09 07:10:45 INFO fs.TrashPolicyDefault: Moved: 'hdfs://turing.cds.iisc.ac.in:8020/user/sahildeep/1/output/classifier_params' to trash at: hdfs://turing.cds.iisc.ac.in:8020/user/sahildeep/.Trash/Current/user/sahildeep/1/output/classifier_params
hadoop jar /usr/hdp/current/hadoop-mapreduce-client/hadoop-streaming.jar  -D mapred.reduce.tasks=0 -file "/home/sahildeep/1/code/mapper3.py" -mapper "mapper3.py" -input /user/sahildeep/1/output/interim/part-* -output /user/sahildeep/1/output/classifier_params 
SLF4J: Class path contains multiple SLF4J bindings.
SLF4J: Found binding in [jar:file:/usr/hdp/2.6.1.0-129/hadoop/lib/slf4j-log4j12-1.7.10.jar!/org/slf4j/impl/StaticLoggerBinder.class]
SLF4J: Found binding in [jar:file:/usr/hdp/2.6.1.0-129/hadoop-mapreduce/lib/giraph-examples-1.3.0-SNAPSHOT-for-hadoop-2.7.3-jar-with-dependencies.jar!/org/slf4j/impl/StaticLoggerBinder.class]
SLF4J: See http://www.slf4j.org/codes.html#multiple_bindings for an explanation.
SLF4J: Actual binding is of type [org.slf4j.impl.Log4jLoggerFactory]
18/09/09 07:10:47 WARN streaming.StreamJob: -file option is deprecated, please use generic option -files instead.
packageJobJar: [/home/sahildeep/1/code/mapper3.py] [/usr/hdp/2.6.1.0-129/hadoop-mapreduce/hadoop-streaming-2.7.3.2.6.1.0-129.jar] /tmp/streamjob2757652575947867505.jar tmpDir=null
18/09/09 07:10:48 INFO client.RMProxy: Connecting to ResourceManager at turing.cds.iisc.ac.in/10.24.1.32:8050
18/09/09 07:10:48 INFO client.AHSProxy: Connecting to Application History server at turing.cds.iisc.ac.in/10.24.1.32:10200
18/09/09 07:10:48 INFO client.RMProxy: Connecting to ResourceManager at turing.cds.iisc.ac.in/10.24.1.32:8050
18/09/09 07:10:48 INFO client.AHSProxy: Connecting to Application History server at turing.cds.iisc.ac.in/10.24.1.32:10200
18/09/09 07:10:49 INFO mapred.FileInputFormat: Total input paths to process : 5
18/09/09 07:10:49 INFO mapreduce.JobSubmitter: number of splits:5
18/09/09 07:10:49 INFO mapreduce.JobSubmitter: Submitting tokens for job: job_1524406905265_2467
18/09/09 07:10:50 INFO impl.YarnClientImpl: Submitted application application_1524406905265_2467
18/09/09 07:10:50 INFO mapreduce.Job: The url to track the job: http://turing.cds.iisc.ac.in:8088/proxy/application_1524406905265_2467/
18/09/09 07:10:50 INFO mapreduce.Job: Running job: job_1524406905265_2467
18/09/09 07:10:57 INFO mapreduce.Job: Job job_1524406905265_2467 running in uber mode : false
18/09/09 07:10:57 INFO mapreduce.Job:  map 0% reduce 0%
18/09/09 07:11:04 INFO mapreduce.Job:  map 40% reduce 0%
18/09/09 07:11:08 INFO mapreduce.Job:  map 100% reduce 0%
18/09/09 07:11:09 INFO mapreduce.Job: Job job_1524406905265_2467 completed successfully
18/09/09 07:11:09 INFO mapreduce.Job: Counters: 31
	File System Counters
		FILE: Number of bytes read=0
		FILE: Number of bytes written=747785
		FILE: Number of read operations=0
		FILE: Number of large read operations=0
		FILE: Number of write operations=0
		HDFS: Number of bytes read=42402979
		HDFS: Number of bytes written=3227
		HDFS: Number of read operations=25
		HDFS: Number of large read operations=0
		HDFS: Number of write operations=10
	Job Counters 
		Launched map tasks=5
		Data-local map tasks=2
		Rack-local map tasks=3
		Total time spent by all maps in occupied slots (ms)=213528
		Total time spent by all reduces in occupied slots (ms)=0
		Total time spent by all map tasks (ms)=35588
		Total vcore-milliseconds taken by all map tasks=35588
		Total megabyte-milliseconds taken by all map tasks=218652672
	Map-Reduce Framework
		Map input records=1195618
		Map output records=101
		Input split bytes=640
		Spilled Records=0
		Failed Shuffles=0
		Merged Map outputs=0
		GC time elapsed (ms)=439
		CPU time spent (ms)=8590
		Physical memory (bytes) snapshot=1107333120
		Virtual memory (bytes) snapshot=35300118528
		Total committed heap usage (bytes)=986185728
	File Input Format Counters 
		Bytes Read=42402339
	File Output Format Counters 
		Bytes Written=3227
18/09/09 07:11:09 INFO streaming.StreamJob: Output directory: /user/sahildeep/1/output/classifier_params
Training Pipe 4
hadoop fs -rm -r -f /user/sahildeep/1/output/vocabulary_count
SLF4J: Class path contains multiple SLF4J bindings.
SLF4J: Found binding in [jar:file:/usr/hdp/2.6.1.0-129/hadoop/lib/slf4j-log4j12-1.7.10.jar!/org/slf4j/impl/StaticLoggerBinder.class]
SLF4J: Found binding in [jar:file:/usr/hdp/2.6.1.0-129/hadoop-mapreduce/lib/giraph-examples-1.3.0-SNAPSHOT-for-hadoop-2.7.3-jar-with-dependencies.jar!/org/slf4j/impl/StaticLoggerBinder.class]
SLF4J: See http://www.slf4j.org/codes.html#multiple_bindings for an explanation.
SLF4J: Actual binding is of type [org.slf4j.impl.Log4jLoggerFactory]
18/09/09 07:11:12 INFO fs.TrashPolicyDefault: Moved: 'hdfs://turing.cds.iisc.ac.in:8020/user/sahildeep/1/output/vocabulary_count' to trash at: hdfs://turing.cds.iisc.ac.in:8020/user/sahildeep/.Trash/Current/user/sahildeep/1/output/vocabulary_count
hadoop jar /usr/hdp/current/hadoop-mapreduce-client/hadoop-streaming.jar  -D mapred.reduce.tasks=1 -input /user/sahildeep/1/output/c_prime/part-* -output /user/sahildeep/1/output/vocabulary_count -mapper "cut -f1" -file "/home/sahildeep/1/code/reducer4.py" -reducer "reducer4.py" 
SLF4J: Class path contains multiple SLF4J bindings.
SLF4J: Found binding in [jar:file:/usr/hdp/2.6.1.0-129/hadoop/lib/slf4j-log4j12-1.7.10.jar!/org/slf4j/impl/StaticLoggerBinder.class]
SLF4J: Found binding in [jar:file:/usr/hdp/2.6.1.0-129/hadoop-mapreduce/lib/giraph-examples-1.3.0-SNAPSHOT-for-hadoop-2.7.3-jar-with-dependencies.jar!/org/slf4j/impl/StaticLoggerBinder.class]
SLF4J: See http://www.slf4j.org/codes.html#multiple_bindings for an explanation.
SLF4J: Actual binding is of type [org.slf4j.impl.Log4jLoggerFactory]
18/09/09 07:11:13 WARN streaming.StreamJob: -file option is deprecated, please use generic option -files instead.
packageJobJar: [/home/sahildeep/1/code/reducer4.py] [/usr/hdp/2.6.1.0-129/hadoop-mapreduce/hadoop-streaming-2.7.3.2.6.1.0-129.jar] /tmp/streamjob7916794416541529606.jar tmpDir=null
18/09/09 07:11:15 INFO client.RMProxy: Connecting to ResourceManager at turing.cds.iisc.ac.in/10.24.1.32:8050
18/09/09 07:11:15 INFO client.AHSProxy: Connecting to Application History server at turing.cds.iisc.ac.in/10.24.1.32:10200
18/09/09 07:11:15 INFO client.RMProxy: Connecting to ResourceManager at turing.cds.iisc.ac.in/10.24.1.32:8050
18/09/09 07:11:15 INFO client.AHSProxy: Connecting to Application History server at turing.cds.iisc.ac.in/10.24.1.32:10200
18/09/09 07:11:16 INFO mapred.FileInputFormat: Total input paths to process : 5
18/09/09 07:11:18 INFO mapreduce.JobSubmitter: number of splits:5
18/09/09 07:11:18 INFO mapreduce.JobSubmitter: Submitting tokens for job: job_1524406905265_2468
18/09/09 07:11:18 INFO impl.YarnClientImpl: Submitted application application_1524406905265_2468
18/09/09 07:11:19 INFO mapreduce.Job: The url to track the job: http://turing.cds.iisc.ac.in:8088/proxy/application_1524406905265_2468/
18/09/09 07:11:19 INFO mapreduce.Job: Running job: job_1524406905265_2468
18/09/09 07:11:27 INFO mapreduce.Job: Job job_1524406905265_2468 running in uber mode : false
18/09/09 07:11:27 INFO mapreduce.Job:  map 0% reduce 0%
18/09/09 07:11:35 INFO mapreduce.Job:  map 40% reduce 0%
18/09/09 07:11:36 INFO mapreduce.Job:  map 100% reduce 0%
18/09/09 07:11:44 INFO mapreduce.Job:  map 100% reduce 100%
18/09/09 07:11:45 INFO mapreduce.Job: Job job_1524406905265_2468 completed successfully
18/09/09 07:11:45 INFO mapreduce.Job: Counters: 50
	File System Counters
		FILE: Number of bytes read=3440327
		FILE: Number of bytes written=7780047
		FILE: Number of read operations=0
		FILE: Number of large read operations=0
		FILE: Number of write operations=0
		HDFS: Number of bytes read=36032008
		HDFS: Number of bytes written=29
		HDFS: Number of read operations=18
		HDFS: Number of large read operations=0
		HDFS: Number of write operations=2
	Job Counters 
		Launched map tasks=5
		Launched reduce tasks=1
		Data-local map tasks=2
		Rack-local map tasks=3
		Total time spent by all maps in occupied slots (ms)=205086
		Total time spent by all reduces in occupied slots (ms)=77556
		Total time spent by all map tasks (ms)=34181
		Total time spent by all reduce tasks (ms)=6463
		Total vcore-milliseconds taken by all map tasks=34181
		Total vcore-milliseconds taken by all reduce tasks=6463
		Total megabyte-milliseconds taken by all map tasks=210008064
		Total megabyte-milliseconds taken by all reduce tasks=79417344
	Map-Reduce Framework
		Map input records=301404
		Map output records=301404
		Map output bytes=2837513
		Map output materialized bytes=3440351
		Input split bytes=640
		Combine input records=0
		Combine output records=0
		Reduce input groups=301404
		Reduce shuffle bytes=3440351
		Reduce input records=301404
		Reduce output records=1
		Spilled Records=602808
		Shuffled Maps =5
		Failed Shuffles=0
		Merged Map outputs=5
		GC time elapsed (ms)=563
		CPU time spent (ms)=19890
		Physical memory (bytes) snapshot=12097888256
		Virtual memory (bytes) snapshot=47725879296
		Total committed heap usage (bytes)=11777605632
	Shuffle Errors
		BAD_ID=0
		CONNECTION=0
		IO_ERROR=0
		WRONG_LENGTH=0
		WRONG_MAP=0
		WRONG_REDUCE=0
	File Input Format Counters 
		Bytes Read=36031368
	File Output Format Counters 
		Bytes Written=29
18/09/09 07:11:45 INFO streaming.StreamJob: Output directory: /user/sahildeep/1/output/vocabulary_count
Creating classifier params
rm -f /home/sahildeep/1/output/params.txt
hadoop fs -cat /user/sahildeep/1/output/classifier_params/part-* /user/sahildeep/1/output/vocabulary_count/part-* > /home/sahildeep/1/output/params.txt
SLF4J: Class path contains multiple SLF4J bindings.
SLF4J: Found binding in [jar:file:/usr/hdp/2.6.1.0-129/hadoop/lib/slf4j-log4j12-1.7.10.jar!/org/slf4j/impl/StaticLoggerBinder.class]
SLF4J: Found binding in [jar:file:/usr/hdp/2.6.1.0-129/hadoop-mapreduce/lib/giraph-examples-1.3.0-SNAPSHOT-for-hadoop-2.7.3-jar-with-dependencies.jar!/org/slf4j/impl/StaticLoggerBinder.class]
SLF4J: See http://www.slf4j.org/codes.html#multiple_bindings for an explanation.
SLF4J: Actual binding is of type [org.slf4j.impl.Log4jLoggerFactory]

real	3m17.987s
user	1m0.504s
sys	0m5.824s

