time make train  nr=1
Training Pipe 1
hadoop fs -rm -r -f /user/sahildeep/1/output/interim
SLF4J: Class path contains multiple SLF4J bindings.
SLF4J: Found binding in [jar:file:/usr/hdp/2.6.1.0-129/hadoop/lib/slf4j-log4j12-1.7.10.jar!/org/slf4j/impl/StaticLoggerBinder.class]
SLF4J: Found binding in [jar:file:/usr/hdp/2.6.1.0-129/hadoop-mapreduce/lib/giraph-examples-1.3.0-SNAPSHOT-for-hadoop-2.7.3-jar-with-dependencies.jar!/org/slf4j/impl/StaticLoggerBinder.class]
SLF4J: See http://www.slf4j.org/codes.html#multiple_bindings for an explanation.
SLF4J: Actual binding is of type [org.slf4j.impl.Log4jLoggerFactory]
hadoop jar /usr/hdp/current/hadoop-mapreduce-client/hadoop-streaming.jar  -D mapred.reduce.tasks=1 -file "/home/sahildeep/1/code/mapper.py" -mapper "mapper.py" -file "/home/sahildeep/1/code/reducer.py" -reducer "reducer.py" -input "/user/ds222/assignment-1/DBPedia.full/full_train.txt" -output /user/sahildeep/1/output/interim
SLF4J: Class path contains multiple SLF4J bindings.
SLF4J: Found binding in [jar:file:/usr/hdp/2.6.1.0-129/hadoop/lib/slf4j-log4j12-1.7.10.jar!/org/slf4j/impl/StaticLoggerBinder.class]
SLF4J: Found binding in [jar:file:/usr/hdp/2.6.1.0-129/hadoop-mapreduce/lib/giraph-examples-1.3.0-SNAPSHOT-for-hadoop-2.7.3-jar-with-dependencies.jar!/org/slf4j/impl/StaticLoggerBinder.class]
SLF4J: See http://www.slf4j.org/codes.html#multiple_bindings for an explanation.
SLF4J: Actual binding is of type [org.slf4j.impl.Log4jLoggerFactory]
18/09/08 22:42:54 WARN streaming.StreamJob: -file option is deprecated, please use generic option -files instead.
packageJobJar: [/home/sahildeep/1/code/mapper.py, /home/sahildeep/1/code/reducer.py] [/usr/hdp/2.6.1.0-129/hadoop-mapreduce/hadoop-streaming-2.7.3.2.6.1.0-129.jar] /tmp/streamjob642928864895871058.jar tmpDir=null
18/09/08 22:42:55 INFO client.RMProxy: Connecting to ResourceManager at turing.cds.iisc.ac.in/10.24.1.32:8050
18/09/08 22:42:56 INFO client.AHSProxy: Connecting to Application History server at turing.cds.iisc.ac.in/10.24.1.32:10200
18/09/08 22:42:56 INFO client.RMProxy: Connecting to ResourceManager at turing.cds.iisc.ac.in/10.24.1.32:8050
18/09/08 22:42:56 INFO client.AHSProxy: Connecting to Application History server at turing.cds.iisc.ac.in/10.24.1.32:10200
18/09/08 22:42:57 INFO mapred.FileInputFormat: Total input paths to process : 1
18/09/08 22:42:57 INFO mapreduce.JobSubmitter: number of splits:2
18/09/08 22:42:57 INFO mapreduce.JobSubmitter: Submitting tokens for job: job_1524406905265_2371
18/09/08 22:42:57 INFO impl.YarnClientImpl: Submitted application application_1524406905265_2371
18/09/08 22:42:58 INFO mapreduce.Job: The url to track the job: http://turing.cds.iisc.ac.in:8088/proxy/application_1524406905265_2371/
18/09/08 22:42:58 INFO mapreduce.Job: Running job: job_1524406905265_2371
18/09/08 22:43:07 INFO mapreduce.Job: Job job_1524406905265_2371 running in uber mode : false
18/09/08 22:43:07 INFO mapreduce.Job:  map 0% reduce 0%
18/09/08 22:43:20 INFO mapreduce.Job:  map 6% reduce 0%
18/09/08 22:43:23 INFO mapreduce.Job:  map 13% reduce 0%
18/09/08 22:43:26 INFO mapreduce.Job:  map 20% reduce 0%
18/09/08 22:43:29 INFO mapreduce.Job:  map 27% reduce 0%
18/09/08 22:43:32 INFO mapreduce.Job:  map 34% reduce 0%
18/09/08 22:43:36 INFO mapreduce.Job:  map 41% reduce 0%
18/09/08 22:43:39 INFO mapreduce.Job:  map 48% reduce 0%
18/09/08 22:43:42 INFO mapreduce.Job:  map 55% reduce 0%
18/09/08 22:43:45 INFO mapreduce.Job:  map 62% reduce 0%
18/09/08 22:43:48 INFO mapreduce.Job:  map 67% reduce 0%
18/09/08 22:44:07 INFO mapreduce.Job:  map 83% reduce 0%
18/09/08 22:44:09 INFO mapreduce.Job:  map 100% reduce 0%
18/09/08 22:44:23 INFO mapreduce.Job:  map 100% reduce 36%
18/09/08 22:44:26 INFO mapreduce.Job:  map 100% reduce 47%
18/09/08 22:44:28 INFO mapreduce.Job:  map 100% reduce 56%
18/09/08 22:44:31 INFO mapreduce.Job:  map 100% reduce 64%
18/09/08 22:44:34 INFO mapreduce.Job:  map 100% reduce 67%
18/09/08 22:44:37 INFO mapreduce.Job:  map 100% reduce 68%
18/09/08 22:44:40 INFO mapreduce.Job:  map 100% reduce 69%
18/09/08 22:44:43 INFO mapreduce.Job:  map 100% reduce 72%
18/09/08 22:44:46 INFO mapreduce.Job:  map 100% reduce 74%
18/09/08 22:44:50 INFO mapreduce.Job:  map 100% reduce 77%
18/09/08 22:44:53 INFO mapreduce.Job:  map 100% reduce 80%
18/09/08 22:44:56 INFO mapreduce.Job:  map 100% reduce 82%
18/09/08 22:44:59 INFO mapreduce.Job:  map 100% reduce 83%
18/09/08 22:45:02 INFO mapreduce.Job:  map 100% reduce 86%
18/09/08 22:45:05 INFO mapreduce.Job:  map 100% reduce 88%
18/09/08 22:45:08 INFO mapreduce.Job:  map 100% reduce 90%
18/09/08 22:45:11 INFO mapreduce.Job:  map 100% reduce 92%
18/09/08 22:45:14 INFO mapreduce.Job:  map 100% reduce 94%
18/09/08 22:45:17 INFO mapreduce.Job:  map 100% reduce 96%
18/09/08 22:45:20 INFO mapreduce.Job:  map 100% reduce 98%
18/09/08 22:45:23 INFO mapreduce.Job:  map 100% reduce 100%
18/09/08 22:45:23 INFO mapreduce.Job: Job job_1524406905265_2371 completed successfully
18/09/08 22:45:23 INFO mapreduce.Job: Counters: 49
	File System Counters
		FILE: Number of bytes read=837628187
		FILE: Number of bytes written=1675706880
		FILE: Number of read operations=0
		FILE: Number of large read operations=0
		FILE: Number of write operations=0
		HDFS: Number of bytes read=131308644
		HDFS: Number of bytes written=42402339
		HDFS: Number of read operations=9
		HDFS: Number of large read operations=0
		HDFS: Number of write operations=2
	Job Counters 
		Launched map tasks=2
		Launched reduce tasks=1
		Rack-local map tasks=2
		Total time spent by all maps in occupied slots (ms)=685686
		Total time spent by all reduces in occupied slots (ms)=888060
		Total time spent by all map tasks (ms)=114281
		Total time spent by all reduce tasks (ms)=74005
		Total vcore-milliseconds taken by all map tasks=114281
		Total vcore-milliseconds taken by all reduce tasks=74005
		Total megabyte-milliseconds taken by all map tasks=702142464
		Total megabyte-milliseconds taken by all reduce tasks=909373440
	Map-Reduce Framework
		Map input records=214997
		Map output records=23596529
		Map output bytes=790435123
		Map output materialized bytes=837628193
		Input split bytes=274
		Combine input records=0
		Combine output records=0
		Reduce input groups=1195618
		Reduce shuffle bytes=837628193
		Reduce input records=23596529
		Reduce output records=1195618
		Spilled Records=47193058
		Shuffled Maps =2
		Failed Shuffles=0
		Merged Map outputs=2
		GC time elapsed (ms)=1563
		CPU time spent (ms)=223680
		Physical memory (bytes) snapshot=5528129536
		Virtual memory (bytes) snapshot=26554343424
		Total committed heap usage (bytes)=5549588480
	Shuffle Errors
		BAD_ID=0
		CONNECTION=0
		IO_ERROR=0
		WRONG_LENGTH=0
		WRONG_MAP=0
		WRONG_REDUCE=0
	File Input Format Counters 
		Bytes Read=131308370
	File Output Format Counters 
		Bytes Written=42402339
18/09/08 22:45:23 INFO streaming.StreamJob: Output directory: /user/sahildeep/1/output/interim
Training Pipe 2
hadoop fs -rm -r -f /user/sahildeep/1/output/c_prime
SLF4J: Class path contains multiple SLF4J bindings.
SLF4J: Found binding in [jar:file:/usr/hdp/2.6.1.0-129/hadoop/lib/slf4j-log4j12-1.7.10.jar!/org/slf4j/impl/StaticLoggerBinder.class]
SLF4J: Found binding in [jar:file:/usr/hdp/2.6.1.0-129/hadoop-mapreduce/lib/giraph-examples-1.3.0-SNAPSHOT-for-hadoop-2.7.3-jar-with-dependencies.jar!/org/slf4j/impl/StaticLoggerBinder.class]
SLF4J: See http://www.slf4j.org/codes.html#multiple_bindings for an explanation.
SLF4J: Actual binding is of type [org.slf4j.impl.Log4jLoggerFactory]
18/09/08 22:45:25 INFO fs.TrashPolicyDefault: Moved: 'hdfs://turing.cds.iisc.ac.in:8020/user/sahildeep/1/output/c_prime' to trash at: hdfs://turing.cds.iisc.ac.in:8020/user/sahildeep/.Trash/Current/user/sahildeep/1/output/c_prime1536426925846
hadoop jar /usr/hdp/current/hadoop-mapreduce-client/hadoop-streaming.jar  -D mapred.reduce.tasks=1 -file "/home/sahildeep/1/code/mapper2.py" -mapper "mapper2.py" -file "/home/sahildeep/1/code/reducer2.py" -reducer "reducer2.py" -input /user/sahildeep/1/output/interim/part-* -output /user/sahildeep/1/output/c_prime
SLF4J: Class path contains multiple SLF4J bindings.
SLF4J: Found binding in [jar:file:/usr/hdp/2.6.1.0-129/hadoop/lib/slf4j-log4j12-1.7.10.jar!/org/slf4j/impl/StaticLoggerBinder.class]
SLF4J: Found binding in [jar:file:/usr/hdp/2.6.1.0-129/hadoop-mapreduce/lib/giraph-examples-1.3.0-SNAPSHOT-for-hadoop-2.7.3-jar-with-dependencies.jar!/org/slf4j/impl/StaticLoggerBinder.class]
SLF4J: See http://www.slf4j.org/codes.html#multiple_bindings for an explanation.
SLF4J: Actual binding is of type [org.slf4j.impl.Log4jLoggerFactory]
18/09/08 22:45:27 WARN streaming.StreamJob: -file option is deprecated, please use generic option -files instead.
packageJobJar: [/home/sahildeep/1/code/mapper2.py, /home/sahildeep/1/code/reducer2.py] [/usr/hdp/2.6.1.0-129/hadoop-mapreduce/hadoop-streaming-2.7.3.2.6.1.0-129.jar] /tmp/streamjob8027521085040883404.jar tmpDir=null
18/09/08 22:45:28 INFO client.RMProxy: Connecting to ResourceManager at turing.cds.iisc.ac.in/10.24.1.32:8050
18/09/08 22:45:28 INFO client.AHSProxy: Connecting to Application History server at turing.cds.iisc.ac.in/10.24.1.32:10200
18/09/08 22:45:28 INFO client.RMProxy: Connecting to ResourceManager at turing.cds.iisc.ac.in/10.24.1.32:8050
18/09/08 22:45:28 INFO client.AHSProxy: Connecting to Application History server at turing.cds.iisc.ac.in/10.24.1.32:10200
18/09/08 22:45:29 INFO mapred.FileInputFormat: Total input paths to process : 1
18/09/08 22:45:29 INFO mapreduce.JobSubmitter: number of splits:2
18/09/08 22:45:29 INFO mapreduce.JobSubmitter: Submitting tokens for job: job_1524406905265_2376
18/09/08 22:45:30 INFO impl.YarnClientImpl: Submitted application application_1524406905265_2376
18/09/08 22:45:30 INFO mapreduce.Job: The url to track the job: http://turing.cds.iisc.ac.in:8088/proxy/application_1524406905265_2376/
18/09/08 22:45:30 INFO mapreduce.Job: Running job: job_1524406905265_2376
18/09/08 22:45:37 INFO mapreduce.Job: Job job_1524406905265_2376 running in uber mode : false
18/09/08 22:45:37 INFO mapreduce.Job:  map 0% reduce 0%
18/09/08 22:45:49 INFO mapreduce.Job:  map 50% reduce 0%
18/09/08 22:45:52 INFO mapreduce.Job:  map 100% reduce 0%
18/09/08 22:46:01 INFO mapreduce.Job:  map 100% reduce 100%
18/09/08 22:46:02 INFO mapreduce.Job: Job job_1524406905265_2376 completed successfully
18/09/08 22:46:02 INFO mapreduce.Job: Counters: 49
	File System Counters
		FILE: Number of bytes read=44790152
		FILE: Number of bytes written=90030801
		FILE: Number of read operations=0
		FILE: Number of large read operations=0
		FILE: Number of write operations=0
		HDFS: Number of bytes read=42435090
		HDFS: Number of bytes written=36031368
		HDFS: Number of read operations=9
		HDFS: Number of large read operations=0
		HDFS: Number of write operations=2
	Job Counters 
		Launched map tasks=2
		Launched reduce tasks=1
		Rack-local map tasks=2
		Total time spent by all maps in occupied slots (ms)=125340
		Total time spent by all reduces in occupied slots (ms)=118848
		Total time spent by all map tasks (ms)=20890
		Total time spent by all reduce tasks (ms)=9904
		Total vcore-milliseconds taken by all map tasks=20890
		Total vcore-milliseconds taken by all reduce tasks=9904
		Total megabyte-milliseconds taken by all map tasks=128348160
		Total megabyte-milliseconds taken by all reduce tasks=121700352
	Map-Reduce Framework
		Map input records=1195618
		Map output records=1195517
		Map output bytes=42399112
		Map output materialized bytes=44790158
		Input split bytes=256
		Combine input records=0
		Combine output records=0
		Reduce input groups=301404
		Reduce shuffle bytes=44790158
		Reduce input records=1195517
		Reduce output records=301404
		Spilled Records=2391034
		Shuffled Maps =2
		Failed Shuffles=0
		Merged Map outputs=2
		GC time elapsed (ms)=236
		CPU time spent (ms)=17890
		Physical memory (bytes) snapshot=5020610560
		Virtual memory (bytes) snapshot=26541752320
		Total committed heap usage (bytes)=4891607040
	Shuffle Errors
		BAD_ID=0
		CONNECTION=0
		IO_ERROR=0
		WRONG_LENGTH=0
		WRONG_MAP=0
		WRONG_REDUCE=0
	File Input Format Counters 
		Bytes Read=42434834
	File Output Format Counters 
		Bytes Written=36031368
18/09/08 22:46:02 INFO streaming.StreamJob: Output directory: /user/sahildeep/1/output/c_prime
Training Pipe 3
hadoop fs -rm -r -f /user/sahildeep/1/output/classifier_params
SLF4J: Class path contains multiple SLF4J bindings.
SLF4J: Found binding in [jar:file:/usr/hdp/2.6.1.0-129/hadoop/lib/slf4j-log4j12-1.7.10.jar!/org/slf4j/impl/StaticLoggerBinder.class]
SLF4J: Found binding in [jar:file:/usr/hdp/2.6.1.0-129/hadoop-mapreduce/lib/giraph-examples-1.3.0-SNAPSHOT-for-hadoop-2.7.3-jar-with-dependencies.jar!/org/slf4j/impl/StaticLoggerBinder.class]
SLF4J: See http://www.slf4j.org/codes.html#multiple_bindings for an explanation.
SLF4J: Actual binding is of type [org.slf4j.impl.Log4jLoggerFactory]
18/09/08 22:46:04 INFO fs.TrashPolicyDefault: Moved: 'hdfs://turing.cds.iisc.ac.in:8020/user/sahildeep/1/output/classifier_params' to trash at: hdfs://turing.cds.iisc.ac.in:8020/user/sahildeep/.Trash/Current/user/sahildeep/1/output/classifier_params1536426964737
hadoop jar /usr/hdp/current/hadoop-mapreduce-client/hadoop-streaming.jar  -D mapred.reduce.tasks=0 -file "/home/sahildeep/1/code/mapper3.py" -mapper "mapper3.py" -input /user/sahildeep/1/output/interim/part-* -output /user/sahildeep/1/output/classifier_params 
SLF4J: Class path contains multiple SLF4J bindings.
SLF4J: Found binding in [jar:file:/usr/hdp/2.6.1.0-129/hadoop/lib/slf4j-log4j12-1.7.10.jar!/org/slf4j/impl/StaticLoggerBinder.class]
SLF4J: Found binding in [jar:file:/usr/hdp/2.6.1.0-129/hadoop-mapreduce/lib/giraph-examples-1.3.0-SNAPSHOT-for-hadoop-2.7.3-jar-with-dependencies.jar!/org/slf4j/impl/StaticLoggerBinder.class]
SLF4J: See http://www.slf4j.org/codes.html#multiple_bindings for an explanation.
SLF4J: Actual binding is of type [org.slf4j.impl.Log4jLoggerFactory]
18/09/08 22:46:05 WARN streaming.StreamJob: -file option is deprecated, please use generic option -files instead.
packageJobJar: [/home/sahildeep/1/code/mapper3.py] [/usr/hdp/2.6.1.0-129/hadoop-mapreduce/hadoop-streaming-2.7.3.2.6.1.0-129.jar] /tmp/streamjob7278062726193512643.jar tmpDir=null
18/09/08 22:46:07 INFO client.RMProxy: Connecting to ResourceManager at turing.cds.iisc.ac.in/10.24.1.32:8050
18/09/08 22:46:07 INFO client.AHSProxy: Connecting to Application History server at turing.cds.iisc.ac.in/10.24.1.32:10200
18/09/08 22:46:07 INFO client.RMProxy: Connecting to ResourceManager at turing.cds.iisc.ac.in/10.24.1.32:8050
18/09/08 22:46:07 INFO client.AHSProxy: Connecting to Application History server at turing.cds.iisc.ac.in/10.24.1.32:10200
18/09/08 22:46:08 INFO mapred.FileInputFormat: Total input paths to process : 1
18/09/08 22:46:08 INFO mapreduce.JobSubmitter: number of splits:2
18/09/08 22:46:08 INFO mapreduce.JobSubmitter: Submitting tokens for job: job_1524406905265_2377
18/09/08 22:46:08 INFO impl.YarnClientImpl: Submitted application application_1524406905265_2377
18/09/08 22:46:08 INFO mapreduce.Job: The url to track the job: http://turing.cds.iisc.ac.in:8088/proxy/application_1524406905265_2377/
18/09/08 22:46:08 INFO mapreduce.Job: Running job: job_1524406905265_2377
18/09/08 22:46:16 INFO mapreduce.Job: Job job_1524406905265_2377 running in uber mode : false
18/09/08 22:46:16 INFO mapreduce.Job:  map 0% reduce 0%
18/09/08 22:46:23 INFO mapreduce.Job:  map 50% reduce 0%
18/09/08 22:46:24 INFO mapreduce.Job:  map 100% reduce 0%
18/09/08 22:46:25 INFO mapreduce.Job: Job job_1524406905265_2377 completed successfully
18/09/08 22:46:25 INFO mapreduce.Job: Counters: 30
	File System Counters
		FILE: Number of bytes read=0
		FILE: Number of bytes written=299114
		FILE: Number of read operations=0
		FILE: Number of large read operations=0
		FILE: Number of write operations=0
		HDFS: Number of bytes read=42435090
		HDFS: Number of bytes written=3227
		HDFS: Number of read operations=10
		HDFS: Number of large read operations=0
		HDFS: Number of write operations=4
	Job Counters 
		Launched map tasks=2
		Rack-local map tasks=2
		Total time spent by all maps in occupied slots (ms)=64128
		Total time spent by all reduces in occupied slots (ms)=0
		Total time spent by all map tasks (ms)=10688
		Total vcore-milliseconds taken by all map tasks=10688
		Total megabyte-milliseconds taken by all map tasks=65667072
	Map-Reduce Framework
		Map input records=1195618
		Map output records=101
		Input split bytes=256
		Spilled Records=0
		Failed Shuffles=0
		Merged Map outputs=0
		GC time elapsed (ms)=143
		CPU time spent (ms)=4730
		Physical memory (bytes) snapshot=468115456
		Virtual memory (bytes) snapshot=14124290048
		Total committed heap usage (bytes)=429916160
	File Input Format Counters 
		Bytes Read=42434834
	File Output Format Counters 
		Bytes Written=3227
18/09/08 22:46:25 INFO streaming.StreamJob: Output directory: /user/sahildeep/1/output/classifier_params
Training Pipe 4
hadoop fs -rm -r -f /user/sahildeep/1/output/vocabulary_count
SLF4J: Class path contains multiple SLF4J bindings.
SLF4J: Found binding in [jar:file:/usr/hdp/2.6.1.0-129/hadoop/lib/slf4j-log4j12-1.7.10.jar!/org/slf4j/impl/StaticLoggerBinder.class]
SLF4J: Found binding in [jar:file:/usr/hdp/2.6.1.0-129/hadoop-mapreduce/lib/giraph-examples-1.3.0-SNAPSHOT-for-hadoop-2.7.3-jar-with-dependencies.jar!/org/slf4j/impl/StaticLoggerBinder.class]
SLF4J: See http://www.slf4j.org/codes.html#multiple_bindings for an explanation.
SLF4J: Actual binding is of type [org.slf4j.impl.Log4jLoggerFactory]
18/09/08 22:46:27 INFO fs.TrashPolicyDefault: Moved: 'hdfs://turing.cds.iisc.ac.in:8020/user/sahildeep/1/output/vocabulary_count' to trash at: hdfs://turing.cds.iisc.ac.in:8020/user/sahildeep/.Trash/Current/user/sahildeep/1/output/vocabulary_count1536426987472
hadoop jar /usr/hdp/current/hadoop-mapreduce-client/hadoop-streaming.jar  -D mapred.reduce.tasks=1 -input /user/sahildeep/1/output/c_prime/part-* -output /user/sahildeep/1/output/vocabulary_count -mapper "cut -f1" -file "/home/sahildeep/1/code/reducer4.py" -reducer "reducer4.py" 
SLF4J: Class path contains multiple SLF4J bindings.
SLF4J: Found binding in [jar:file:/usr/hdp/2.6.1.0-129/hadoop/lib/slf4j-log4j12-1.7.10.jar!/org/slf4j/impl/StaticLoggerBinder.class]
SLF4J: Found binding in [jar:file:/usr/hdp/2.6.1.0-129/hadoop-mapreduce/lib/giraph-examples-1.3.0-SNAPSHOT-for-hadoop-2.7.3-jar-with-dependencies.jar!/org/slf4j/impl/StaticLoggerBinder.class]
SLF4J: See http://www.slf4j.org/codes.html#multiple_bindings for an explanation.
SLF4J: Actual binding is of type [org.slf4j.impl.Log4jLoggerFactory]
18/09/08 22:46:28 WARN streaming.StreamJob: -file option is deprecated, please use generic option -files instead.
packageJobJar: [/home/sahildeep/1/code/reducer4.py] [/usr/hdp/2.6.1.0-129/hadoop-mapreduce/hadoop-streaming-2.7.3.2.6.1.0-129.jar] /tmp/streamjob5674598469194431814.jar tmpDir=null
18/09/08 22:46:29 INFO client.RMProxy: Connecting to ResourceManager at turing.cds.iisc.ac.in/10.24.1.32:8050
18/09/08 22:46:29 INFO client.AHSProxy: Connecting to Application History server at turing.cds.iisc.ac.in/10.24.1.32:10200
18/09/08 22:46:29 INFO client.RMProxy: Connecting to ResourceManager at turing.cds.iisc.ac.in/10.24.1.32:8050
18/09/08 22:46:29 INFO client.AHSProxy: Connecting to Application History server at turing.cds.iisc.ac.in/10.24.1.32:10200
18/09/08 22:46:30 INFO mapred.FileInputFormat: Total input paths to process : 1
18/09/08 22:46:30 INFO mapreduce.JobSubmitter: number of splits:2
18/09/08 22:46:31 INFO mapreduce.JobSubmitter: Submitting tokens for job: job_1524406905265_2378
18/09/08 22:46:31 INFO impl.YarnClientImpl: Submitted application application_1524406905265_2378
18/09/08 22:46:31 INFO mapreduce.Job: The url to track the job: http://turing.cds.iisc.ac.in:8088/proxy/application_1524406905265_2378/
18/09/08 22:46:31 INFO mapreduce.Job: Running job: job_1524406905265_2378
18/09/08 22:46:39 INFO mapreduce.Job: Job job_1524406905265_2378 running in uber mode : false
18/09/08 22:46:39 INFO mapreduce.Job:  map 0% reduce 0%
18/09/08 22:46:47 INFO mapreduce.Job:  map 100% reduce 0%
18/09/08 22:46:55 INFO mapreduce.Job:  map 100% reduce 100%
18/09/08 22:46:56 INFO mapreduce.Job: Job job_1524406905265_2378 completed successfully
18/09/08 22:46:56 INFO mapreduce.Job: Counters: 49
	File System Counters
		FILE: Number of bytes read=3440327
		FILE: Number of bytes written=7330317
		FILE: Number of read operations=0
		FILE: Number of large read operations=0
		FILE: Number of write operations=0
		HDFS: Number of bytes read=36103876
		HDFS: Number of bytes written=29
		HDFS: Number of read operations=9
		HDFS: Number of large read operations=0
		HDFS: Number of write operations=2
	Job Counters 
		Launched map tasks=2
		Launched reduce tasks=1
		Rack-local map tasks=2
		Total time spent by all maps in occupied slots (ms)=64464
		Total time spent by all reduces in occupied slots (ms)=63288
		Total time spent by all map tasks (ms)=10744
		Total time spent by all reduce tasks (ms)=5274
		Total vcore-milliseconds taken by all map tasks=10744
		Total vcore-milliseconds taken by all reduce tasks=5274
		Total megabyte-milliseconds taken by all map tasks=66011136
		Total megabyte-milliseconds taken by all reduce tasks=64806912
	Map-Reduce Framework
		Map input records=301404
		Map output records=301404
		Map output bytes=2837513
		Map output materialized bytes=3440333
		Input split bytes=256
		Combine input records=0
		Combine output records=0
		Reduce input groups=301404
		Reduce shuffle bytes=3440333
		Reduce input records=301404
		Reduce output records=1
		Spilled Records=602808
		Shuffled Maps =2
		Failed Shuffles=0
		Merged Map outputs=2
		GC time elapsed (ms)=221
		CPU time spent (ms)=10030
		Physical memory (bytes) snapshot=5021171712
		Virtual memory (bytes) snapshot=26545020928
		Total committed heap usage (bytes)=4989648896
	Shuffle Errors
		BAD_ID=0
		CONNECTION=0
		IO_ERROR=0
		WRONG_LENGTH=0
		WRONG_MAP=0
		WRONG_REDUCE=0
	File Input Format Counters 
		Bytes Read=36103620
	File Output Format Counters 
		Bytes Written=29
18/09/08 22:46:56 INFO streaming.StreamJob: Output directory: /user/sahildeep/1/output/vocabulary_count
Creating classifier params
rm -f /home/sahildeep/1/output/params.txt
hadoop fs -cat /user/sahildeep/1/output/classifier_params/part-* /user/sahildeep/1/output/vocabulary_count/part-* > /home/sahildeep/1/output/params.txt
SLF4J: Class path contains multiple SLF4J bindings.
SLF4J: Found binding in [jar:file:/usr/hdp/2.6.1.0-129/hadoop/lib/slf4j-log4j12-1.7.10.jar!/org/slf4j/impl/StaticLoggerBinder.class]
SLF4J: Found binding in [jar:file:/usr/hdp/2.6.1.0-129/hadoop-mapreduce/lib/giraph-examples-1.3.0-SNAPSHOT-for-hadoop-2.7.3-jar-with-dependencies.jar!/org/slf4j/impl/StaticLoggerBinder.class]
SLF4J: See http://www.slf4j.org/codes.html#multiple_bindings for an explanation.
SLF4J: Actual binding is of type [org.slf4j.impl.Log4jLoggerFactory]

real	4m7.399s
user	0m58.484s
sys	0m4.796s

