time make train  nr=8
Training Pipe 1
hadoop fs -rm -r -f /user/sahildeep/1/output/interim
SLF4J: Class path contains multiple SLF4J bindings.
SLF4J: Found binding in [jar:file:/usr/hdp/2.6.1.0-129/hadoop/lib/slf4j-log4j12-1.7.10.jar!/org/slf4j/impl/StaticLoggerBinder.class]
SLF4J: Found binding in [jar:file:/usr/hdp/2.6.1.0-129/hadoop-mapreduce/lib/giraph-examples-1.3.0-SNAPSHOT-for-hadoop-2.7.3-jar-with-dependencies.jar!/org/slf4j/impl/StaticLoggerBinder.class]
SLF4J: See http://www.slf4j.org/codes.html#multiple_bindings for an explanation.
SLF4J: Actual binding is of type [org.slf4j.impl.Log4jLoggerFactory]
18/09/09 07:15:00 INFO fs.TrashPolicyDefault: Moved: 'hdfs://turing.cds.iisc.ac.in:8020/user/sahildeep/1/output/interim' to trash at: hdfs://turing.cds.iisc.ac.in:8020/user/sahildeep/.Trash/Current/user/sahildeep/1/output/interim1536457500892
hadoop jar /usr/hdp/current/hadoop-mapreduce-client/hadoop-streaming.jar  -D mapred.reduce.tasks=8 -file "/home/sahildeep/1/code/mapper.py" -mapper "mapper.py" -file "/home/sahildeep/1/code/reducer.py" -reducer "reducer.py" -input "/user/ds222/assignment-1/DBPedia.full/full_train.txt" -output /user/sahildeep/1/output/interim
SLF4J: Class path contains multiple SLF4J bindings.
SLF4J: Found binding in [jar:file:/usr/hdp/2.6.1.0-129/hadoop/lib/slf4j-log4j12-1.7.10.jar!/org/slf4j/impl/StaticLoggerBinder.class]
SLF4J: Found binding in [jar:file:/usr/hdp/2.6.1.0-129/hadoop-mapreduce/lib/giraph-examples-1.3.0-SNAPSHOT-for-hadoop-2.7.3-jar-with-dependencies.jar!/org/slf4j/impl/StaticLoggerBinder.class]
SLF4J: See http://www.slf4j.org/codes.html#multiple_bindings for an explanation.
SLF4J: Actual binding is of type [org.slf4j.impl.Log4jLoggerFactory]
18/09/09 07:15:02 WARN streaming.StreamJob: -file option is deprecated, please use generic option -files instead.
packageJobJar: [/home/sahildeep/1/code/mapper.py, /home/sahildeep/1/code/reducer.py] [/usr/hdp/2.6.1.0-129/hadoop-mapreduce/hadoop-streaming-2.7.3.2.6.1.0-129.jar] /tmp/streamjob5764823354034656328.jar tmpDir=null
18/09/09 07:15:03 INFO client.RMProxy: Connecting to ResourceManager at turing.cds.iisc.ac.in/10.24.1.32:8050
18/09/09 07:15:03 INFO client.AHSProxy: Connecting to Application History server at turing.cds.iisc.ac.in/10.24.1.32:10200
18/09/09 07:15:03 INFO client.RMProxy: Connecting to ResourceManager at turing.cds.iisc.ac.in/10.24.1.32:8050
18/09/09 07:15:03 INFO client.AHSProxy: Connecting to Application History server at turing.cds.iisc.ac.in/10.24.1.32:10200
18/09/09 07:15:04 INFO mapred.FileInputFormat: Total input paths to process : 1
18/09/09 07:15:04 INFO mapreduce.JobSubmitter: number of splits:2
18/09/09 07:15:04 INFO mapreduce.JobSubmitter: Submitting tokens for job: job_1524406905265_2469
18/09/09 07:15:05 INFO impl.YarnClientImpl: Submitted application application_1524406905265_2469
18/09/09 07:15:05 INFO mapreduce.Job: The url to track the job: http://turing.cds.iisc.ac.in:8088/proxy/application_1524406905265_2469/
18/09/09 07:15:05 INFO mapreduce.Job: Running job: job_1524406905265_2469
18/09/09 07:15:15 INFO mapreduce.Job: Job job_1524406905265_2469 running in uber mode : false
18/09/09 07:15:15 INFO mapreduce.Job:  map 0% reduce 0%
18/09/09 07:15:27 INFO mapreduce.Job:  map 10% reduce 0%
18/09/09 07:15:30 INFO mapreduce.Job:  map 17% reduce 0%
18/09/09 07:15:33 INFO mapreduce.Job:  map 24% reduce 0%
18/09/09 07:15:36 INFO mapreduce.Job:  map 31% reduce 0%
18/09/09 07:15:39 INFO mapreduce.Job:  map 38% reduce 0%
18/09/09 07:15:42 INFO mapreduce.Job:  map 44% reduce 0%
18/09/09 07:15:45 INFO mapreduce.Job:  map 51% reduce 0%
18/09/09 07:15:48 INFO mapreduce.Job:  map 55% reduce 0%
18/09/09 07:15:49 INFO mapreduce.Job:  map 58% reduce 0%
18/09/09 07:15:51 INFO mapreduce.Job:  map 61% reduce 0%
18/09/09 07:15:52 INFO mapreduce.Job:  map 65% reduce 0%
18/09/09 07:15:56 INFO mapreduce.Job:  map 67% reduce 0%
18/09/09 07:16:13 INFO mapreduce.Job:  map 83% reduce 0%
18/09/09 07:16:18 INFO mapreduce.Job:  map 100% reduce 0%
18/09/09 07:16:25 INFO mapreduce.Job:  map 100% reduce 9%
18/09/09 07:16:26 INFO mapreduce.Job:  map 100% reduce 69%
18/09/09 07:16:28 INFO mapreduce.Job:  map 100% reduce 84%
18/09/09 07:16:29 INFO mapreduce.Job:  map 100% reduce 87%
18/09/09 07:16:30 INFO mapreduce.Job:  map 100% reduce 88%
18/09/09 07:16:31 INFO mapreduce.Job:  map 100% reduce 99%
18/09/09 07:16:32 INFO mapreduce.Job:  map 100% reduce 100%
18/09/09 07:16:33 INFO mapreduce.Job: Job job_1524406905265_2469 completed successfully
18/09/09 07:16:33 INFO mapreduce.Job: Counters: 49
	File System Counters
		FILE: Number of bytes read=837628229
		FILE: Number of bytes written=1676758262
		FILE: Number of read operations=0
		FILE: Number of large read operations=0
		FILE: Number of write operations=0
		HDFS: Number of bytes read=131308644
		HDFS: Number of bytes written=42402339
		HDFS: Number of read operations=30
		HDFS: Number of large read operations=0
		HDFS: Number of write operations=16
	Job Counters 
		Launched map tasks=2
		Launched reduce tasks=8
		Rack-local map tasks=2
		Total time spent by all maps in occupied slots (ms)=699252
		Total time spent by all reduces in occupied slots (ms)=1464948
		Total time spent by all map tasks (ms)=116542
		Total time spent by all reduce tasks (ms)=122079
		Total vcore-milliseconds taken by all map tasks=116542
		Total vcore-milliseconds taken by all reduce tasks=122079
		Total megabyte-milliseconds taken by all map tasks=716034048
		Total megabyte-milliseconds taken by all reduce tasks=1500106752
	Map-Reduce Framework
		Map input records=214997
		Map output records=23596529
		Map output bytes=790435123
		Map output materialized bytes=837628277
		Input split bytes=274
		Combine input records=0
		Combine output records=0
		Reduce input groups=1195618
		Reduce shuffle bytes=837628277
		Reduce input records=23596529
		Reduce output records=1195618
		Spilled Records=47193058
		Shuffled Maps =16
		Failed Shuffles=0
		Merged Map outputs=16
		GC time elapsed (ms)=2615
		CPU time spent (ms)=251930
		Physical memory (bytes) snapshot=6759800832
		Virtual memory (bytes) snapshot=113584431104
		Total committed heap usage (bytes)=6720323584
	Shuffle Errors
		BAD_ID=0
		CONNECTION=0
		IO_ERROR=0
		WRONG_LENGTH=0
		WRONG_MAP=0
		WRONG_REDUCE=0
	File Input Format Counters 
		Bytes Read=131308370
	File Output Format Counters 
		Bytes Written=42402339
18/09/09 07:16:33 INFO streaming.StreamJob: Output directory: /user/sahildeep/1/output/interim
Training Pipe 2
hadoop fs -rm -r -f /user/sahildeep/1/output/c_prime
SLF4J: Class path contains multiple SLF4J bindings.
SLF4J: Found binding in [jar:file:/usr/hdp/2.6.1.0-129/hadoop/lib/slf4j-log4j12-1.7.10.jar!/org/slf4j/impl/StaticLoggerBinder.class]
SLF4J: Found binding in [jar:file:/usr/hdp/2.6.1.0-129/hadoop-mapreduce/lib/giraph-examples-1.3.0-SNAPSHOT-for-hadoop-2.7.3-jar-with-dependencies.jar!/org/slf4j/impl/StaticLoggerBinder.class]
SLF4J: See http://www.slf4j.org/codes.html#multiple_bindings for an explanation.
SLF4J: Actual binding is of type [org.slf4j.impl.Log4jLoggerFactory]
18/09/09 07:16:36 INFO fs.TrashPolicyDefault: Moved: 'hdfs://turing.cds.iisc.ac.in:8020/user/sahildeep/1/output/c_prime' to trash at: hdfs://turing.cds.iisc.ac.in:8020/user/sahildeep/.Trash/Current/user/sahildeep/1/output/c_prime1536457596217
hadoop jar /usr/hdp/current/hadoop-mapreduce-client/hadoop-streaming.jar  -D mapred.reduce.tasks=8 -file "/home/sahildeep/1/code/mapper2.py" -mapper "mapper2.py" -file "/home/sahildeep/1/code/reducer2.py" -reducer "reducer2.py" -input /user/sahildeep/1/output/interim/part-* -output /user/sahildeep/1/output/c_prime
SLF4J: Class path contains multiple SLF4J bindings.
SLF4J: Found binding in [jar:file:/usr/hdp/2.6.1.0-129/hadoop/lib/slf4j-log4j12-1.7.10.jar!/org/slf4j/impl/StaticLoggerBinder.class]
SLF4J: Found binding in [jar:file:/usr/hdp/2.6.1.0-129/hadoop-mapreduce/lib/giraph-examples-1.3.0-SNAPSHOT-for-hadoop-2.7.3-jar-with-dependencies.jar!/org/slf4j/impl/StaticLoggerBinder.class]
SLF4J: See http://www.slf4j.org/codes.html#multiple_bindings for an explanation.
SLF4J: Actual binding is of type [org.slf4j.impl.Log4jLoggerFactory]
18/09/09 07:16:37 WARN streaming.StreamJob: -file option is deprecated, please use generic option -files instead.
packageJobJar: [/home/sahildeep/1/code/mapper2.py, /home/sahildeep/1/code/reducer2.py] [/usr/hdp/2.6.1.0-129/hadoop-mapreduce/hadoop-streaming-2.7.3.2.6.1.0-129.jar] /tmp/streamjob5297836716722738647.jar tmpDir=null
18/09/09 07:16:38 INFO client.RMProxy: Connecting to ResourceManager at turing.cds.iisc.ac.in/10.24.1.32:8050
18/09/09 07:16:39 INFO client.AHSProxy: Connecting to Application History server at turing.cds.iisc.ac.in/10.24.1.32:10200
18/09/09 07:16:39 INFO client.RMProxy: Connecting to ResourceManager at turing.cds.iisc.ac.in/10.24.1.32:8050
18/09/09 07:16:39 INFO client.AHSProxy: Connecting to Application History server at turing.cds.iisc.ac.in/10.24.1.32:10200
18/09/09 07:16:39 INFO mapred.FileInputFormat: Total input paths to process : 8
18/09/09 07:16:40 INFO mapreduce.JobSubmitter: number of splits:8
18/09/09 07:16:40 INFO mapreduce.JobSubmitter: Submitting tokens for job: job_1524406905265_2470
18/09/09 07:16:40 INFO impl.YarnClientImpl: Submitted application application_1524406905265_2470
18/09/09 07:16:40 INFO mapreduce.Job: The url to track the job: http://turing.cds.iisc.ac.in:8088/proxy/application_1524406905265_2470/
18/09/09 07:16:40 INFO mapreduce.Job: Running job: job_1524406905265_2470
18/09/09 07:16:47 INFO mapreduce.Job: Job job_1524406905265_2470 running in uber mode : false
18/09/09 07:16:47 INFO mapreduce.Job:  map 0% reduce 0%
18/09/09 07:16:55 INFO mapreduce.Job:  map 25% reduce 0%
18/09/09 07:16:56 INFO mapreduce.Job:  map 75% reduce 0%
18/09/09 07:16:57 INFO mapreduce.Job:  map 100% reduce 0%
18/09/09 07:17:03 INFO mapreduce.Job:  map 100% reduce 75%
18/09/09 07:17:04 INFO mapreduce.Job:  map 100% reduce 88%
18/09/09 07:17:05 INFO mapreduce.Job:  map 100% reduce 100%
18/09/09 07:17:06 INFO mapreduce.Job: Job job_1524406905265_2470 completed successfully
18/09/09 07:17:06 INFO mapreduce.Job: Counters: 50
	File System Counters
		FILE: Number of bytes read=44790194
		FILE: Number of bytes written=91984540
		FILE: Number of read operations=0
		FILE: Number of large read operations=0
		FILE: Number of write operations=0
		HDFS: Number of bytes read=42403363
		HDFS: Number of bytes written=36031368
		HDFS: Number of read operations=48
		HDFS: Number of large read operations=0
		HDFS: Number of write operations=16
	Job Counters 
		Launched map tasks=8
		Launched reduce tasks=8
		Data-local map tasks=6
		Rack-local map tasks=2
		Total time spent by all maps in occupied slots (ms)=343680
		Total time spent by all reduces in occupied slots (ms)=534432
		Total time spent by all map tasks (ms)=57280
		Total time spent by all reduce tasks (ms)=44536
		Total vcore-milliseconds taken by all map tasks=57280
		Total vcore-milliseconds taken by all reduce tasks=44536
		Total megabyte-milliseconds taken by all map tasks=351928320
		Total megabyte-milliseconds taken by all reduce tasks=547258368
	Map-Reduce Framework
		Map input records=1195618
		Map output records=1195517
		Map output bytes=42399112
		Map output materialized bytes=44790530
		Input split bytes=1024
		Combine input records=0
		Combine output records=0
		Reduce input groups=301404
		Reduce shuffle bytes=44790530
		Reduce input records=1195517
		Reduce output records=301404
		Spilled Records=2391034
		Shuffled Maps =64
		Failed Shuffles=0
		Merged Map outputs=64
		GC time elapsed (ms)=1523
		CPU time spent (ms)=60240
		Physical memory (bytes) snapshot=20794937344
		Virtual memory (bytes) snapshot=155936878592
		Total committed heap usage (bytes)=20472397824
	Shuffle Errors
		BAD_ID=0
		CONNECTION=0
		IO_ERROR=0
		WRONG_LENGTH=0
		WRONG_MAP=0
		WRONG_REDUCE=0
	File Input Format Counters 
		Bytes Read=42402339
	File Output Format Counters 
		Bytes Written=36031368
18/09/09 07:17:06 INFO streaming.StreamJob: Output directory: /user/sahildeep/1/output/c_prime
Training Pipe 3
hadoop fs -rm -r -f /user/sahildeep/1/output/classifier_params
SLF4J: Class path contains multiple SLF4J bindings.
SLF4J: Found binding in [jar:file:/usr/hdp/2.6.1.0-129/hadoop/lib/slf4j-log4j12-1.7.10.jar!/org/slf4j/impl/StaticLoggerBinder.class]
SLF4J: Found binding in [jar:file:/usr/hdp/2.6.1.0-129/hadoop-mapreduce/lib/giraph-examples-1.3.0-SNAPSHOT-for-hadoop-2.7.3-jar-with-dependencies.jar!/org/slf4j/impl/StaticLoggerBinder.class]
SLF4J: See http://www.slf4j.org/codes.html#multiple_bindings for an explanation.
SLF4J: Actual binding is of type [org.slf4j.impl.Log4jLoggerFactory]
18/09/09 07:17:08 INFO fs.TrashPolicyDefault: Moved: 'hdfs://turing.cds.iisc.ac.in:8020/user/sahildeep/1/output/classifier_params' to trash at: hdfs://turing.cds.iisc.ac.in:8020/user/sahildeep/.Trash/Current/user/sahildeep/1/output/classifier_params1536457628600
hadoop jar /usr/hdp/current/hadoop-mapreduce-client/hadoop-streaming.jar  -D mapred.reduce.tasks=0 -file "/home/sahildeep/1/code/mapper3.py" -mapper "mapper3.py" -input /user/sahildeep/1/output/interim/part-* -output /user/sahildeep/1/output/classifier_params 
SLF4J: Class path contains multiple SLF4J bindings.
SLF4J: Found binding in [jar:file:/usr/hdp/2.6.1.0-129/hadoop/lib/slf4j-log4j12-1.7.10.jar!/org/slf4j/impl/StaticLoggerBinder.class]
SLF4J: Found binding in [jar:file:/usr/hdp/2.6.1.0-129/hadoop-mapreduce/lib/giraph-examples-1.3.0-SNAPSHOT-for-hadoop-2.7.3-jar-with-dependencies.jar!/org/slf4j/impl/StaticLoggerBinder.class]
SLF4J: See http://www.slf4j.org/codes.html#multiple_bindings for an explanation.
SLF4J: Actual binding is of type [org.slf4j.impl.Log4jLoggerFactory]
18/09/09 07:17:09 WARN streaming.StreamJob: -file option is deprecated, please use generic option -files instead.
packageJobJar: [/home/sahildeep/1/code/mapper3.py] [/usr/hdp/2.6.1.0-129/hadoop-mapreduce/hadoop-streaming-2.7.3.2.6.1.0-129.jar] /tmp/streamjob5393550328768878456.jar tmpDir=null
18/09/09 07:17:11 INFO client.RMProxy: Connecting to ResourceManager at turing.cds.iisc.ac.in/10.24.1.32:8050
18/09/09 07:17:11 INFO client.AHSProxy: Connecting to Application History server at turing.cds.iisc.ac.in/10.24.1.32:10200
18/09/09 07:17:11 INFO client.RMProxy: Connecting to ResourceManager at turing.cds.iisc.ac.in/10.24.1.32:8050
18/09/09 07:17:11 INFO client.AHSProxy: Connecting to Application History server at turing.cds.iisc.ac.in/10.24.1.32:10200
18/09/09 07:17:12 INFO mapred.FileInputFormat: Total input paths to process : 8
18/09/09 07:17:12 INFO mapreduce.JobSubmitter: number of splits:8
18/09/09 07:17:12 INFO mapreduce.JobSubmitter: Submitting tokens for job: job_1524406905265_2471
18/09/09 07:17:13 INFO impl.YarnClientImpl: Submitted application application_1524406905265_2471
18/09/09 07:17:13 INFO mapreduce.Job: The url to track the job: http://turing.cds.iisc.ac.in:8088/proxy/application_1524406905265_2471/
18/09/09 07:17:13 INFO mapreduce.Job: Running job: job_1524406905265_2471
18/09/09 07:17:21 INFO mapreduce.Job: Job job_1524406905265_2471 running in uber mode : false
18/09/09 07:17:21 INFO mapreduce.Job:  map 0% reduce 0%
18/09/09 07:17:27 INFO mapreduce.Job:  map 50% reduce 0%
18/09/09 07:17:28 INFO mapreduce.Job:  map 100% reduce 0%
18/09/09 07:17:29 INFO mapreduce.Job: Job job_1524406905265_2471 completed successfully
18/09/09 07:17:29 INFO mapreduce.Job: Counters: 31
	File System Counters
		FILE: Number of bytes read=0
		FILE: Number of bytes written=1196456
		FILE: Number of read operations=0
		FILE: Number of large read operations=0
		FILE: Number of write operations=0
		HDFS: Number of bytes read=42403363
		HDFS: Number of bytes written=3227
		HDFS: Number of read operations=40
		HDFS: Number of large read operations=0
		HDFS: Number of write operations=16
	Job Counters 
		Launched map tasks=8
		Data-local map tasks=5
		Rack-local map tasks=3
		Total time spent by all maps in occupied slots (ms)=237552
		Total time spent by all reduces in occupied slots (ms)=0
		Total time spent by all map tasks (ms)=39592
		Total vcore-milliseconds taken by all map tasks=39592
		Total megabyte-milliseconds taken by all map tasks=243253248
	Map-Reduce Framework
		Map input records=1195618
		Map output records=101
		Input split bytes=1024
		Spilled Records=0
		Failed Shuffles=0
		Merged Map outputs=0
		GC time elapsed (ms)=681
		CPU time spent (ms)=13480
		Physical memory (bytes) snapshot=1776545792
		Virtual memory (bytes) snapshot=56493129728
		Total committed heap usage (bytes)=1596456960
	File Input Format Counters 
		Bytes Read=42402339
	File Output Format Counters 
		Bytes Written=3227
18/09/09 07:17:29 INFO streaming.StreamJob: Output directory: /user/sahildeep/1/output/classifier_params
Training Pipe 4
hadoop fs -rm -r -f /user/sahildeep/1/output/vocabulary_count
SLF4J: Class path contains multiple SLF4J bindings.
SLF4J: Found binding in [jar:file:/usr/hdp/2.6.1.0-129/hadoop/lib/slf4j-log4j12-1.7.10.jar!/org/slf4j/impl/StaticLoggerBinder.class]
SLF4J: Found binding in [jar:file:/usr/hdp/2.6.1.0-129/hadoop-mapreduce/lib/giraph-examples-1.3.0-SNAPSHOT-for-hadoop-2.7.3-jar-with-dependencies.jar!/org/slf4j/impl/StaticLoggerBinder.class]
SLF4J: See http://www.slf4j.org/codes.html#multiple_bindings for an explanation.
SLF4J: Actual binding is of type [org.slf4j.impl.Log4jLoggerFactory]
18/09/09 07:17:31 INFO fs.TrashPolicyDefault: Moved: 'hdfs://turing.cds.iisc.ac.in:8020/user/sahildeep/1/output/vocabulary_count' to trash at: hdfs://turing.cds.iisc.ac.in:8020/user/sahildeep/.Trash/Current/user/sahildeep/1/output/vocabulary_count1536457651665
hadoop jar /usr/hdp/current/hadoop-mapreduce-client/hadoop-streaming.jar  -D mapred.reduce.tasks=1 -input /user/sahildeep/1/output/c_prime/part-* -output /user/sahildeep/1/output/vocabulary_count -mapper "cut -f1" -file "/home/sahildeep/1/code/reducer4.py" -reducer "reducer4.py" 
SLF4J: Class path contains multiple SLF4J bindings.
SLF4J: Found binding in [jar:file:/usr/hdp/2.6.1.0-129/hadoop/lib/slf4j-log4j12-1.7.10.jar!/org/slf4j/impl/StaticLoggerBinder.class]
SLF4J: Found binding in [jar:file:/usr/hdp/2.6.1.0-129/hadoop-mapreduce/lib/giraph-examples-1.3.0-SNAPSHOT-for-hadoop-2.7.3-jar-with-dependencies.jar!/org/slf4j/impl/StaticLoggerBinder.class]
SLF4J: See http://www.slf4j.org/codes.html#multiple_bindings for an explanation.
SLF4J: Actual binding is of type [org.slf4j.impl.Log4jLoggerFactory]
18/09/09 07:17:33 WARN streaming.StreamJob: -file option is deprecated, please use generic option -files instead.
packageJobJar: [/home/sahildeep/1/code/reducer4.py] [/usr/hdp/2.6.1.0-129/hadoop-mapreduce/hadoop-streaming-2.7.3.2.6.1.0-129.jar] /tmp/streamjob1510226758273492981.jar tmpDir=null
18/09/09 07:17:34 INFO client.RMProxy: Connecting to ResourceManager at turing.cds.iisc.ac.in/10.24.1.32:8050
18/09/09 07:17:34 INFO client.AHSProxy: Connecting to Application History server at turing.cds.iisc.ac.in/10.24.1.32:10200
18/09/09 07:17:34 INFO client.RMProxy: Connecting to ResourceManager at turing.cds.iisc.ac.in/10.24.1.32:8050
18/09/09 07:17:34 INFO client.AHSProxy: Connecting to Application History server at turing.cds.iisc.ac.in/10.24.1.32:10200
18/09/09 07:17:35 INFO mapred.FileInputFormat: Total input paths to process : 8
18/09/09 07:17:36 INFO mapreduce.JobSubmitter: number of splits:8
18/09/09 07:17:36 INFO mapreduce.JobSubmitter: Submitting tokens for job: job_1524406905265_2472
18/09/09 07:17:36 INFO impl.YarnClientImpl: Submitted application application_1524406905265_2472
18/09/09 07:17:36 INFO mapreduce.Job: The url to track the job: http://turing.cds.iisc.ac.in:8088/proxy/application_1524406905265_2472/
18/09/09 07:17:36 INFO mapreduce.Job: Running job: job_1524406905265_2472
18/09/09 07:17:43 INFO mapreduce.Job: Job job_1524406905265_2472 running in uber mode : false
18/09/09 07:17:43 INFO mapreduce.Job:  map 0% reduce 0%
18/09/09 07:17:51 INFO mapreduce.Job:  map 50% reduce 0%
18/09/09 07:17:52 INFO mapreduce.Job:  map 100% reduce 0%
18/09/09 07:17:59 INFO mapreduce.Job:  map 100% reduce 100%
18/09/09 07:18:00 INFO mapreduce.Job: Job job_1524406905265_2472 completed successfully
18/09/09 07:18:00 INFO mapreduce.Job: Counters: 50
	File System Counters
		FILE: Number of bytes read=3440327
		FILE: Number of bytes written=8229777
		FILE: Number of read operations=0
		FILE: Number of large read operations=0
		FILE: Number of write operations=0
		HDFS: Number of bytes read=36032392
		HDFS: Number of bytes written=29
		HDFS: Number of read operations=27
		HDFS: Number of large read operations=0
		HDFS: Number of write operations=2
	Job Counters 
		Launched map tasks=8
		Launched reduce tasks=1
		Data-local map tasks=5
		Rack-local map tasks=3
		Total time spent by all maps in occupied slots (ms)=256464
		Total time spent by all reduces in occupied slots (ms)=64764
		Total time spent by all map tasks (ms)=42744
		Total time spent by all reduce tasks (ms)=5397
		Total vcore-milliseconds taken by all map tasks=42744
		Total vcore-milliseconds taken by all reduce tasks=5397
		Total megabyte-milliseconds taken by all map tasks=262619136
		Total megabyte-milliseconds taken by all reduce tasks=66318336
	Map-Reduce Framework
		Map input records=301404
		Map output records=301404
		Map output bytes=2837513
		Map output materialized bytes=3440369
		Input split bytes=1024
		Combine input records=0
		Combine output records=0
		Reduce input groups=301404
		Reduce shuffle bytes=3440369
		Reduce input records=301404
		Reduce output records=1
		Spilled Records=602808
		Shuffled Maps =8
		Failed Shuffles=0
		Merged Map outputs=8
		GC time elapsed (ms)=770
		CPU time spent (ms)=26870
		Physical memory (bytes) snapshot=19195871232
		Virtual memory (bytes) snapshot=68902170624
		Total committed heap usage (bytes)=18870173696
	Shuffle Errors
		BAD_ID=0
		CONNECTION=0
		IO_ERROR=0
		WRONG_LENGTH=0
		WRONG_MAP=0
		WRONG_REDUCE=0
	File Input Format Counters 
		Bytes Read=36031368
	File Output Format Counters 
		Bytes Written=29
18/09/09 07:18:00 INFO streaming.StreamJob: Output directory: /user/sahildeep/1/output/vocabulary_count
Creating classifier params
rm -f /home/sahildeep/1/output/params.txt
hadoop fs -cat /user/sahildeep/1/output/classifier_params/part-* /user/sahildeep/1/output/vocabulary_count/part-* > /home/sahildeep/1/output/params.txt
SLF4J: Class path contains multiple SLF4J bindings.
SLF4J: Found binding in [jar:file:/usr/hdp/2.6.1.0-129/hadoop/lib/slf4j-log4j12-1.7.10.jar!/org/slf4j/impl/StaticLoggerBinder.class]
SLF4J: Found binding in [jar:file:/usr/hdp/2.6.1.0-129/hadoop-mapreduce/lib/giraph-examples-1.3.0-SNAPSHOT-for-hadoop-2.7.3-jar-with-dependencies.jar!/org/slf4j/impl/StaticLoggerBinder.class]
SLF4J: See http://www.slf4j.org/codes.html#multiple_bindings for an explanation.
SLF4J: Actual binding is of type [org.slf4j.impl.Log4jLoggerFactory]

real	3m4.691s
user	0m59.480s
sys	0m6.268s


